{"/Users/andrewmauer/projects/social-vinyl-mobile/src/config.ts": {"path":"/Users/andrewmauer/projects/social-vinyl-mobile/src/config.ts","statementMap":{"0":{"start":{"line":1,"column":22},"end":{"line":11,"column":1}}},"fnMap":{},"branchMap":{},"s":{"0":5},"f":{},"b":{},"_coverageSchema":"1a1c01bbd47fc00a2c39e90264f33305004495a9","hash":"895f0adf8730d15b38f108141d10fa6d8148b8ea"}
,"/Users/andrewmauer/projects/social-vinyl-mobile/src/contexts/ServiceContext.tsx": {"path":"/Users/andrewmauer/projects/social-vinyl-mobile/src/contexts/ServiceContext.tsx","statementMap":{"0":{"start":{"line":39,"column":30},"end":{"line":39,"column":77}},"1":{"start":{"line":41,"column":0},"end":{"line":41,"column":46}},"2":{"start":{"line":62,"column":63},"end":{"line":79,"column":1}},"3":{"start":{"line":68,"column":18},"end":{"line":72,"column":67}},"4":{"start":{"line":68,"column":54},"end":{"line":72,"column":5}},"5":{"start":{"line":74,"column":4},"end":{"line":78,"column":6}},"6":{"start":{"line":81,"column":0},"end":{"line":81,"column":48}},"7":{"start":{"line":93,"column":27},"end":{"line":104,"column":1}},"8":{"start":{"line":94,"column":20},"end":{"line":94,"column":46}},"9":{"start":{"line":96,"column":4},"end":{"line":101,"column":5}},"10":{"start":{"line":97,"column":8},"end":{"line":100,"column":10}},"11":{"start":{"line":103,"column":4},"end":{"line":103,"column":19}}},"fnMap":{"0":{"name":"(anonymous_0)","decl":{"start":{"line":62,"column":63},"end":{"line":62,"column":64}},"loc":{"start":{"line":67,"column":6},"end":{"line":79,"column":1}},"line":67},"1":{"name":"(anonymous_1)","decl":{"start":{"line":68,"column":47},"end":{"line":68,"column":48}},"loc":{"start":{"line":68,"column":54},"end":{"line":72,"column":5}},"line":68},"2":{"name":"(anonymous_2)","decl":{"start":{"line":93,"column":27},"end":{"line":93,"column":28}},"loc":{"start":{"line":93,"column":54},"end":{"line":104,"column":1}},"line":93}},"branchMap":{"0":{"loc":{"start":{"line":64,"column":4},"end":{"line":64,"column":32}},"type":"default-arg","locations":[{"start":{"line":64,"column":23},"end":{"line":64,"column":32}}],"line":64},"1":{"loc":{"start":{"line":65,"column":4},"end":{"line":65,"column":39}},"type":"default-arg","locations":[{"start":{"line":65,"column":28},"end":{"line":65,"column":39}}],"line":65},"2":{"loc":{"start":{"line":66,"column":4},"end":{"line":66,"column":31}},"type":"default-arg","locations":[{"start":{"line":66,"column":22},"end":{"line":66,"column":31}}],"line":66},"3":{"loc":{"start":{"line":96,"column":4},"end":{"line":101,"column":5}},"type":"if","locations":[{"start":{"line":96,"column":4},"end":{"line":101,"column":5}},{"start":{},"end":{}}],"line":96}},"s":{"0":1,"1":1,"2":1,"3":7,"4":7,"5":7,"6":1,"7":1,"8":14,"9":14,"10":0,"11":14},"f":{"0":7,"1":7,"2":14},"b":{"0":[7],"1":[7],"2":[7],"3":[0,14]},"_coverageSchema":"1a1c01bbd47fc00a2c39e90264f33305004495a9","hash":"0aa3c11e8d768ce78795f827693786ac5edbeb28"}
,"/Users/andrewmauer/projects/social-vinyl-mobile/src/hooks/useCollectionData.ts": {"path":"/Users/andrewmauer/projects/social-vinyl-mobile/src/hooks/useCollectionData.ts","statementMap":{"0":{"start":{"line":13,"column":33},"end":{"line":74,"column":1}},"1":{"start":{"line":14,"column":32},"end":{"line":14,"column":45}},"2":{"start":{"line":15,"column":25},"end":{"line":15,"column":42}},"3":{"start":{"line":16,"column":36},"end":{"line":16,"column":59}},"4":{"start":{"line":17,"column":34},"end":{"line":17,"column":49}},"5":{"start":{"line":18,"column":40},"end":{"line":18,"column":55}},"6":{"start":{"line":20,"column":21},"end":{"line":45,"column":57}},"7":{"start":{"line":22,"column":26},"end":{"line":22,"column":77}},"8":{"start":{"line":23,"column":8},"end":{"line":23,"column":70}},"9":{"start":{"line":23,"column":63},"end":{"line":23,"column":70}},"10":{"start":{"line":25,"column":8},"end":{"line":25,"column":25}},"11":{"start":{"line":26,"column":8},"end":{"line":28,"column":9}},"12":{"start":{"line":27,"column":12},"end":{"line":27,"column":32}},"13":{"start":{"line":30,"column":8},"end":{"line":44,"column":9}},"14":{"start":{"line":33,"column":26},"end":{"line":33,"column":69}},"15":{"start":{"line":34,"column":12},"end":{"line":34,"column":31}},"16":{"start":{"line":36,"column":12},"end":{"line":38,"column":13}},"17":{"start":{"line":37,"column":16},"end":{"line":37,"column":81}},"18":{"start":{"line":40,"column":12},"end":{"line":40,"column":68}},"19":{"start":{"line":42,"column":12},"end":{"line":42,"column":30}},"20":{"start":{"line":43,"column":12},"end":{"line":43,"column":33}},"21":{"start":{"line":48,"column":4},"end":{"line":50,"column":22}},"22":{"start":{"line":49,"column":8},"end":{"line":49,"column":23}},"23":{"start":{"line":53,"column":23},"end":{"line":53,"column":59}},"24":{"start":{"line":53,"column":46},"end":{"line":53,"column":58}},"25":{"start":{"line":54,"column":4},"end":{"line":62,"column":21}},"26":{"start":{"line":55,"column":8},"end":{"line":61,"column":9}},"27":{"start":{"line":56,"column":12},"end":{"line":58,"column":13}},"28":{"start":{"line":57,"column":16},"end":{"line":57,"column":79}},"29":{"start":{"line":60,"column":12},"end":{"line":60,"column":50}},"30":{"start":{"line":60,"column":29},"end":{"line":60,"column":43}},"31":{"start":{"line":64,"column":20},"end":{"line":66,"column":18}},"32":{"start":{"line":65,"column":8},"end":{"line":65,"column":23}},"33":{"start":{"line":68,"column":4},"end":{"line":73,"column":6}}},"fnMap":{"0":{"name":"(anonymous_0)","decl":{"start":{"line":13,"column":33},"end":{"line":13,"column":34}},"loc":{"start":{"line":13,"column":63},"end":{"line":74,"column":1}},"line":13},"1":{"name":"(anonymous_1)","decl":{"start":{"line":20,"column":33},"end":{"line":20,"column":34}},"loc":{"start":{"line":20,"column":71},"end":{"line":45,"column":5}},"line":20},"2":{"name":"(anonymous_2)","decl":{"start":{"line":48,"column":14},"end":{"line":48,"column":15}},"loc":{"start":{"line":48,"column":20},"end":{"line":50,"column":5}},"line":48},"3":{"name":"(anonymous_3)","decl":{"start":{"line":53,"column":39},"end":{"line":53,"column":40}},"loc":{"start":{"line":53,"column":46},"end":{"line":53,"column":58}},"line":53},"4":{"name":"(anonymous_4)","decl":{"start":{"line":54,"column":14},"end":{"line":54,"column":15}},"loc":{"start":{"line":54,"column":20},"end":{"line":62,"column":5}},"line":54},"5":{"name":"(anonymous_5)","decl":{"start":{"line":60,"column":23},"end":{"line":60,"column":24}},"loc":{"start":{"line":60,"column":29},"end":{"line":60,"column":43}},"line":60},"6":{"name":"(anonymous_6)","decl":{"start":{"line":64,"column":32},"end":{"line":64,"column":33}},"loc":{"start":{"line":64,"column":38},"end":{"line":66,"column":5}},"line":64}},"branchMap":{"0":{"loc":{"start":{"line":13,"column":34},"end":{"line":13,"column":58}},"type":"default-arg","locations":[{"start":{"line":13,"column":56},"end":{"line":13,"column":58}}],"line":13},"1":{"loc":{"start":{"line":20,"column":40},"end":{"line":20,"column":66}},"type":"default-arg","locations":[{"start":{"line":20,"column":61},"end":{"line":20,"column":66}}],"line":20},"2":{"loc":{"start":{"line":23,"column":8},"end":{"line":23,"column":70}},"type":"if","locations":[{"start":{"line":23,"column":8},"end":{"line":23,"column":70}},{"start":{},"end":{}}],"line":23},"3":{"loc":{"start":{"line":23,"column":12},"end":{"line":23,"column":61}},"type":"binary-expr","locations":[{"start":{"line":23,"column":12},"end":{"line":23,"column":21}},{"start":{"line":23,"column":25},"end":{"line":23,"column":32}},{"start":{"line":23,"column":37},"end":{"line":23,"column":47}},{"start":{"line":23,"column":51},"end":{"line":23,"column":60}}],"line":23},"4":{"loc":{"start":{"line":26,"column":8},"end":{"line":28,"column":9}},"type":"if","locations":[{"start":{"line":26,"column":8},"end":{"line":28,"column":9}},{"start":{},"end":{}}],"line":26},"5":{"loc":{"start":{"line":36,"column":12},"end":{"line":38,"column":13}},"type":"if","locations":[{"start":{"line":36,"column":12},"end":{"line":38,"column":13}},{"start":{},"end":{}}],"line":36},"6":{"loc":{"start":{"line":55,"column":8},"end":{"line":61,"column":9}},"type":"if","locations":[{"start":{"line":55,"column":8},"end":{"line":61,"column":9}},{"start":{},"end":{}}],"line":55},"7":{"loc":{"start":{"line":56,"column":12},"end":{"line":58,"column":13}},"type":"if","locations":[{"start":{"line":56,"column":12},"end":{"line":58,"column":13}},{"start":{},"end":{}}],"line":56}},"s":{"0":1,"1":3,"2":3,"3":3,"4":3,"5":3,"6":3,"7":1,"8":1,"9":0,"10":1,"11":1,"12":1,"13":1,"14":1,"15":1,"16":1,"17":0,"18":0,"19":1,"20":1,"21":3,"22":1,"23":3,"24":9,"25":3,"26":1,"27":0,"28":0,"29":0,"30":0,"31":3,"32":0,"33":3},"f":{"0":3,"1":1,"2":1,"3":9,"4":1,"5":0,"6":0},"b":{"0":[3],"1":[0],"2":[0,1],"3":[1,1,1,0],"4":[1,0],"5":[0,1],"6":[0,1],"7":[0,0]},"_coverageSchema":"1a1c01bbd47fc00a2c39e90264f33305004495a9","hash":"45dac64f4968433cebb234312bc76928c8619474"}
,"/Users/andrewmauer/projects/social-vinyl-mobile/src/hooks/useGroupedReleases.ts": {"path":"/Users/andrewmauer/projects/social-vinyl-mobile/src/hooks/useGroupedReleases.ts","statementMap":{"0":{"start":{"line":32,"column":34},"end":{"line":164,"column":1}},"1":{"start":{"line":38,"column":4},"end":{"line":163,"column":49}},"2":{"start":{"line":40,"column":29},"end":{"line":40,"column":61}},"3":{"start":{"line":41,"column":32},"end":{"line":41,"column":62}},"4":{"start":{"line":43,"column":25},"end":{"line":60,"column":10}},"5":{"start":{"line":44,"column":12},"end":{"line":44,"column":43}},"6":{"start":{"line":44,"column":31},"end":{"line":44,"column":43}},"7":{"start":{"line":46,"column":27},"end":{"line":46,"column":55}},"8":{"start":{"line":47,"column":26},"end":{"line":47,"column":53}},"9":{"start":{"line":48,"column":37},"end":{"line":48,"column":61}},"10":{"start":{"line":49,"column":36},"end":{"line":49,"column":59}},"11":{"start":{"line":54,"column":12},"end":{"line":59,"column":14}},"12":{"start":{"line":63,"column":23},"end":{"line":85,"column":10}},"13":{"start":{"line":64,"column":12},"end":{"line":84,"column":13}},"14":{"start":{"line":66,"column":33},"end":{"line":66,"column":73}},"15":{"start":{"line":67,"column":33},"end":{"line":67,"column":73}},"16":{"start":{"line":68,"column":20},"end":{"line":68,"column":52}},"17":{"start":{"line":71,"column":20},"end":{"line":71,"column":86}},"18":{"start":{"line":73,"column":34},"end":{"line":73,"column":63}},"19":{"start":{"line":74,"column":34},"end":{"line":74,"column":63}},"20":{"start":{"line":75,"column":20},"end":{"line":75,"column":41}},"21":{"start":{"line":78,"column":34},"end":{"line":78,"column":44}},"22":{"start":{"line":79,"column":34},"end":{"line":79,"column":44}},"23":{"start":{"line":80,"column":20},"end":{"line":80,"column":41}},"24":{"start":{"line":83,"column":20},"end":{"line":83,"column":29}},"25":{"start":{"line":88,"column":53},"end":{"line":88,"column":55}},"26":{"start":{"line":90,"column":8},"end":{"line":97,"column":9}},"27":{"start":{"line":91,"column":36},"end":{"line":91,"column":102}},"28":{"start":{"line":92,"column":12},"end":{"line":96,"column":14}},"29":{"start":{"line":99,"column":8},"end":{"line":130,"column":11}},"30":{"start":{"line":100,"column":22},"end":{"line":100,"column":31}},"31":{"start":{"line":102,"column":12},"end":{"line":124,"column":13}},"32":{"start":{"line":103,"column":32},"end":{"line":103,"column":64}},"33":{"start":{"line":104,"column":34},"end":{"line":104,"column":65}},"34":{"start":{"line":105,"column":16},"end":{"line":105,"column":65}},"35":{"start":{"line":106,"column":19},"end":{"line":124,"column":13}},"36":{"start":{"line":107,"column":16},"end":{"line":111,"column":17}},"37":{"start":{"line":109,"column":35},"end":{"line":109,"column":79}},"38":{"start":{"line":109,"column":70},"end":{"line":109,"column":78}},"39":{"start":{"line":110,"column":20},"end":{"line":110,"column":49}},"40":{"start":{"line":112,"column":19},"end":{"line":124,"column":13}},"41":{"start":{"line":113,"column":16},"end":{"line":123,"column":17}},"42":{"start":{"line":114,"column":36},"end":{"line":114,"column":58}},"43":{"start":{"line":115,"column":20},"end":{"line":120,"column":21}},"44":{"start":{"line":116,"column":39},"end":{"line":116,"column":68}},"45":{"start":{"line":117,"column":24},"end":{"line":117,"column":43}},"46":{"start":{"line":119,"column":24},"end":{"line":119,"column":40}},"47":{"start":{"line":122,"column":20},"end":{"line":122,"column":36}},"48":{"start":{"line":126,"column":12},"end":{"line":128,"column":13}},"49":{"start":{"line":127,"column":16},"end":{"line":127,"column":33}},"50":{"start":{"line":129,"column":12},"end":{"line":129,"column":38}},"51":{"start":{"line":133,"column":32},"end":{"line":156,"column":15}},"52":{"start":{"line":135,"column":16},"end":{"line":140,"column":17}},"53":{"start":{"line":136,"column":20},"end":{"line":136,"column":50}},"54":{"start":{"line":136,"column":41},"end":{"line":136,"column":50}},"55":{"start":{"line":137,"column":20},"end":{"line":137,"column":51}},"56":{"start":{"line":137,"column":41},"end":{"line":137,"column":51}},"57":{"start":{"line":139,"column":20},"end":{"line":139,"column":53}},"58":{"start":{"line":142,"column":16},"end":{"line":142,"column":59}},"59":{"start":{"line":142,"column":50},"end":{"line":142,"column":59}},"60":{"start":{"line":143,"column":16},"end":{"line":143,"column":60}},"61":{"start":{"line":143,"column":50},"end":{"line":143,"column":60}},"62":{"start":{"line":144,"column":16},"end":{"line":144,"column":42}},"63":{"start":{"line":146,"column":25},"end":{"line":156,"column":13}},"64":{"start":{"line":151,"column":38},"end":{"line":151,"column":70}},"65":{"start":{"line":152,"column":38},"end":{"line":152,"column":70}},"66":{"start":{"line":153,"column":24},"end":{"line":153,"column":45}},"67":{"start":{"line":158,"column":8},"end":{"line":162,"column":10}}},"fnMap":{"0":{"name":"(anonymous_0)","decl":{"start":{"line":32,"column":34},"end":{"line":32,"column":35}},"loc":{"start":{"line":37,"column":59},"end":{"line":164,"column":1}},"line":37},"1":{"name":"(anonymous_1)","decl":{"start":{"line":38,"column":19},"end":{"line":38,"column":20}},"loc":{"start":{"line":38,"column":25},"end":{"line":163,"column":5}},"line":38},"2":{"name":"(anonymous_2)","decl":{"start":{"line":43,"column":41},"end":{"line":43,"column":42}},"loc":{"start":{"line":43,"column":52},"end":{"line":60,"column":9}},"line":43},"3":{"name":"(anonymous_3)","decl":{"start":{"line":63,"column":42},"end":{"line":63,"column":43}},"loc":{"start":{"line":63,"column":52},"end":{"line":85,"column":9}},"line":63},"4":{"name":"(anonymous_4)","decl":{"start":{"line":99,"column":23},"end":{"line":99,"column":24}},"loc":{"start":{"line":99,"column":34},"end":{"line":130,"column":9}},"line":99},"5":{"name":"(anonymous_5)","decl":{"start":{"line":109,"column":65},"end":{"line":109,"column":66}},"loc":{"start":{"line":109,"column":70},"end":{"line":109,"column":78}},"line":109},"6":{"name":"(anonymous_6)","decl":{"start":{"line":134,"column":18},"end":{"line":134,"column":19}},"loc":{"start":{"line":134,"column":28},"end":{"line":145,"column":13}},"line":134},"7":{"name":"(anonymous_7)","decl":{"start":{"line":146,"column":17},"end":{"line":146,"column":18}},"loc":{"start":{"line":146,"column":25},"end":{"line":156,"column":13}},"line":146},"8":{"name":"(anonymous_8)","decl":{"start":{"line":149,"column":39},"end":{"line":149,"column":40}},"loc":{"start":{"line":149,"column":49},"end":{"line":154,"column":21}},"line":149}},"branchMap":{"0":{"loc":{"start":{"line":44,"column":12},"end":{"line":44,"column":43}},"type":"if","locations":[{"start":{"line":44,"column":12},"end":{"line":44,"column":43}},{"start":{},"end":{}}],"line":44},"1":{"loc":{"start":{"line":55,"column":16},"end":{"line":58,"column":57}},"type":"binary-expr","locations":[{"start":{"line":55,"column":16},"end":{"line":55,"column":45}},{"start":{"line":56,"column":16},"end":{"line":56,"column":44}},{"start":{"line":57,"column":16},"end":{"line":57,"column":58}},{"start":{"line":58,"column":16},"end":{"line":58,"column":57}}],"line":55},"2":{"loc":{"start":{"line":64,"column":12},"end":{"line":84,"column":13}},"type":"switch","locations":[{"start":{"line":65,"column":16},"end":{"line":69,"column":17}},{"start":{"line":70,"column":16},"end":{"line":71,"column":86}},{"start":{"line":72,"column":16},"end":{"line":76,"column":17}},{"start":{"line":77,"column":16},"end":{"line":81,"column":17}},{"start":{"line":82,"column":16},"end":{"line":83,"column":29}}],"line":64},"3":{"loc":{"start":{"line":73,"column":34},"end":{"line":73,"column":63}},"type":"cond-expr","locations":[{"start":{"line":73,"column":43},"end":{"line":73,"column":59}},{"start":{"line":73,"column":62},"end":{"line":73,"column":63}}],"line":73},"4":{"loc":{"start":{"line":74,"column":34},"end":{"line":74,"column":63}},"type":"cond-expr","locations":[{"start":{"line":74,"column":43},"end":{"line":74,"column":59}},{"start":{"line":74,"column":62},"end":{"line":74,"column":63}}],"line":74},"5":{"loc":{"start":{"line":90,"column":8},"end":{"line":97,"column":9}},"type":"if","locations":[{"start":{"line":90,"column":8},"end":{"line":97,"column":9}},{"start":{},"end":{}}],"line":90},"6":{"loc":{"start":{"line":91,"column":36},"end":{"line":91,"column":102}},"type":"cond-expr","locations":[{"start":{"line":91,"column":56},"end":{"line":91,"column":97}},{"start":{"line":91,"column":100},"end":{"line":91,"column":102}}],"line":91},"7":{"loc":{"start":{"line":102,"column":12},"end":{"line":124,"column":13}},"type":"if","locations":[{"start":{"line":102,"column":12},"end":{"line":124,"column":13}},{"start":{"line":106,"column":19},"end":{"line":124,"column":13}}],"line":102},"8":{"loc":{"start":{"line":105,"column":22},"end":{"line":105,"column":64}},"type":"cond-expr","locations":[{"start":{"line":105,"column":49},"end":{"line":105,"column":58}},{"start":{"line":105,"column":61},"end":{"line":105,"column":64}}],"line":105},"9":{"loc":{"start":{"line":106,"column":19},"end":{"line":124,"column":13}},"type":"if","locations":[{"start":{"line":106,"column":19},"end":{"line":124,"column":13}},{"start":{"line":112,"column":19},"end":{"line":124,"column":13}}],"line":106},"10":{"loc":{"start":{"line":107,"column":16},"end":{"line":111,"column":17}},"type":"if","locations":[{"start":{"line":107,"column":16},"end":{"line":111,"column":17}},{"start":{},"end":{}}],"line":107},"11":{"loc":{"start":{"line":107,"column":20},"end":{"line":107,"column":63}},"type":"binary-expr","locations":[{"start":{"line":107,"column":20},"end":{"line":107,"column":34}},{"start":{"line":107,"column":38},"end":{"line":107,"column":63}}],"line":107},"12":{"loc":{"start":{"line":110,"column":26},"end":{"line":110,"column":48}},"type":"binary-expr","locations":[{"start":{"line":110,"column":26},"end":{"line":110,"column":35}},{"start":{"line":110,"column":39},"end":{"line":110,"column":48}}],"line":110},"13":{"loc":{"start":{"line":112,"column":19},"end":{"line":124,"column":13}},"type":"if","locations":[{"start":{"line":112,"column":19},"end":{"line":124,"column":13}},{"start":{},"end":{}}],"line":112},"14":{"loc":{"start":{"line":113,"column":16},"end":{"line":123,"column":17}},"type":"if","locations":[{"start":{"line":113,"column":16},"end":{"line":123,"column":17}},{"start":{"line":121,"column":23},"end":{"line":123,"column":17}}],"line":113},"15":{"loc":{"start":{"line":115,"column":20},"end":{"line":120,"column":21}},"type":"if","locations":[{"start":{"line":115,"column":20},"end":{"line":120,"column":21}},{"start":{"line":118,"column":27},"end":{"line":120,"column":21}}],"line":115},"16":{"loc":{"start":{"line":126,"column":12},"end":{"line":128,"column":13}},"type":"if","locations":[{"start":{"line":126,"column":12},"end":{"line":128,"column":13}},{"start":{},"end":{}}],"line":126},"17":{"loc":{"start":{"line":135,"column":16},"end":{"line":140,"column":17}},"type":"if","locations":[{"start":{"line":135,"column":16},"end":{"line":140,"column":17}},{"start":{},"end":{}}],"line":135},"18":{"loc":{"start":{"line":136,"column":20},"end":{"line":136,"column":50}},"type":"if","locations":[{"start":{"line":136,"column":20},"end":{"line":136,"column":50}},{"start":{},"end":{}}],"line":136},"19":{"loc":{"start":{"line":137,"column":20},"end":{"line":137,"column":51}},"type":"if","locations":[{"start":{"line":137,"column":20},"end":{"line":137,"column":51}},{"start":{},"end":{}}],"line":137},"20":{"loc":{"start":{"line":142,"column":16},"end":{"line":142,"column":59}},"type":"if","locations":[{"start":{"line":142,"column":16},"end":{"line":142,"column":59}},{"start":{},"end":{}}],"line":142},"21":{"loc":{"start":{"line":142,"column":20},"end":{"line":142,"column":48}},"type":"binary-expr","locations":[{"start":{"line":142,"column":20},"end":{"line":142,"column":29}},{"start":{"line":142,"column":33},"end":{"line":142,"column":48}}],"line":142},"22":{"loc":{"start":{"line":143,"column":16},"end":{"line":143,"column":60}},"type":"if","locations":[{"start":{"line":143,"column":16},"end":{"line":143,"column":60}},{"start":{},"end":{}}],"line":143},"23":{"loc":{"start":{"line":143,"column":20},"end":{"line":143,"column":48}},"type":"binary-expr","locations":[{"start":{"line":143,"column":20},"end":{"line":143,"column":29}},{"start":{"line":143,"column":33},"end":{"line":143,"column":48}}],"line":143},"24":{"loc":{"start":{"line":148,"column":22},"end":{"line":155,"column":33}},"type":"cond-expr","locations":[{"start":{"line":149,"column":22},"end":{"line":154,"column":22}},{"start":{"line":155,"column":22},"end":{"line":155,"column":33}}],"line":148},"25":{"loc":{"start":{"line":148,"column":22},"end":{"line":148,"column":63}},"type":"binary-expr","locations":[{"start":{"line":148,"column":22},"end":{"line":148,"column":42}},{"start":{"line":148,"column":46},"end":{"line":148,"column":63}}],"line":148},"26":{"loc":{"start":{"line":151,"column":38},"end":{"line":151,"column":70}},"type":"cond-expr","locations":[{"start":{"line":151,"column":47},"end":{"line":151,"column":63}},{"start":{"line":151,"column":66},"end":{"line":151,"column":70}}],"line":151},"27":{"loc":{"start":{"line":152,"column":38},"end":{"line":152,"column":70}},"type":"cond-expr","locations":[{"start":{"line":152,"column":47},"end":{"line":152,"column":63}},{"start":{"line":152,"column":66},"end":{"line":152,"column":70}}],"line":152}},"s":{"0":1,"1":6,"2":6,"3":6,"4":6,"5":24,"6":16,"7":8,"8":8,"9":8,"10":8,"11":8,"12":6,"13":20,"14":5,"15":5,"16":5,"17":0,"18":10,"19":10,"20":10,"21":5,"22":5,"23":5,"24":0,"25":6,"26":6,"27":4,"28":4,"29":2,"30":8,"31":8,"32":4,"33":4,"34":4,"35":4,"36":0,"37":0,"38":0,"39":0,"40":4,"41":4,"42":3,"43":3,"44":3,"45":3,"46":0,"47":1,"48":8,"49":8,"50":8,"51":2,"52":9,"53":3,"54":1,"55":2,"56":0,"57":2,"58":6,"59":0,"60":6,"61":3,"62":3,"63":8,"64":0,"65":0,"66":0,"67":2},"f":{"0":6,"1":6,"2":24,"3":20,"4":8,"5":0,"6":9,"7":8,"8":0},"b":{"0":[16,8],"1":[8,7,7,6],"2":[5,0,10,5,0],"3":[4,6],"4":[10,0],"5":[4,2],"6":[4,0],"7":[4,4],"8":[3,1],"9":[0,4],"10":[0,0],"11":[0,0],"12":[0,0],"13":[4,0],"14":[3,1],"15":[3,0],"16":[8,0],"17":[3,6],"18":[1,2],"19":[0,2],"20":[0,6],"21":[6,6],"22":[3,3],"23":[6,3],"24":[3,5],"25":[8,4],"26":[0,0],"27":[0,0]},"_coverageSchema":"1a1c01bbd47fc00a2c39e90264f33305004495a9","hash":"dbc3a0d0c0d68fafd178e6230453a5f9bc45a8a1"}
,"/Users/andrewmauer/projects/social-vinyl-mobile/src/hooks/useSyncCollection.ts": {"path":"/Users/andrewmauer/projects/social-vinyl-mobile/src/hooks/useSyncCollection.ts","statementMap":{"0":{"start":{"line":22,"column":33},"end":{"line":75,"column":1}},"1":{"start":{"line":23,"column":28},"end":{"line":23,"column":41}},"2":{"start":{"line":33,"column":8},"end":{"line":33,"column":25}},"3":{"start":{"line":35,"column":17},"end":{"line":57,"column":84}},"4":{"start":{"line":36,"column":8},"end":{"line":36,"column":27}},"5":{"start":{"line":37,"column":8},"end":{"line":37,"column":33}},"6":{"start":{"line":38,"column":8},"end":{"line":38,"column":27}},"7":{"start":{"line":40,"column":23},"end":{"line":47,"column":10}},"8":{"start":{"line":42,"column":16},"end":{"line":42,"column":42}},"9":{"start":{"line":45,"column":16},"end":{"line":45,"column":38}},"10":{"start":{"line":49,"column":8},"end":{"line":54,"column":9}},"11":{"start":{"line":50,"column":12},"end":{"line":50,"column":50}},"12":{"start":{"line":51,"column":12},"end":{"line":51,"column":34}},"13":{"start":{"line":53,"column":12},"end":{"line":53,"column":47}},"14":{"start":{"line":56,"column":8},"end":{"line":56,"column":22}},"15":{"start":{"line":59,"column":23},"end":{"line":64,"column":49}},"16":{"start":{"line":60,"column":8},"end":{"line":60,"column":27}},"17":{"start":{"line":61,"column":8},"end":{"line":63,"column":9}},"18":{"start":{"line":62,"column":12},"end":{"line":62,"column":34}},"19":{"start":{"line":66,"column":4},"end":{"line":74,"column":6}}},"fnMap":{"0":{"name":"(anonymous_0)","decl":{"start":{"line":22,"column":33},"end":{"line":22,"column":34}},"loc":{"start":{"line":22,"column":64},"end":{"line":75,"column":1}},"line":22},"1":{"name":"(anonymous_1)","decl":{"start":{"line":35,"column":29},"end":{"line":35,"column":30}},"loc":{"start":{"line":35,"column":55},"end":{"line":57,"column":5}},"line":35},"2":{"name":"(anonymous_2)","decl":{"start":{"line":41,"column":24},"end":{"line":41,"column":25}},"loc":{"start":{"line":41,"column":46},"end":{"line":43,"column":13}},"line":41},"3":{"name":"(anonymous_3)","decl":{"start":{"line":44,"column":28},"end":{"line":44,"column":29}},"loc":{"start":{"line":44,"column":52},"end":{"line":46,"column":13}},"line":44},"4":{"name":"(anonymous_4)","decl":{"start":{"line":59,"column":35},"end":{"line":59,"column":36}},"loc":{"start":{"line":59,"column":41},"end":{"line":64,"column":5}},"line":59}},"branchMap":{"0":{"loc":{"start":{"line":49,"column":8},"end":{"line":54,"column":9}},"type":"if","locations":[{"start":{"line":49,"column":8},"end":{"line":54,"column":9}},{"start":{"line":52,"column":15},"end":{"line":54,"column":9}}],"line":49},"1":{"loc":{"start":{"line":61,"column":8},"end":{"line":63,"column":9}},"type":"if","locations":[{"start":{"line":61,"column":8},"end":{"line":63,"column":9}},{"start":{},"end":{}}],"line":61}},"s":{"0":1,"1":5,"2":5,"3":5,"4":2,"5":2,"6":2,"7":2,"8":0,"9":0,"10":2,"11":1,"12":1,"13":1,"14":2,"15":5,"16":1,"17":1,"18":0,"19":5},"f":{"0":5,"1":2,"2":0,"3":0,"4":1},"b":{"0":[1,1],"1":[0,1]},"_coverageSchema":"1a1c01bbd47fc00a2c39e90264f33305004495a9","hash":"e503d44029d19263a3b95b3e5e87d9a0992ed40a"}
,"/Users/andrewmauer/projects/social-vinyl-mobile/src/hooks/useWebSocket.ts": {"path":"/Users/andrewmauer/projects/social-vinyl-mobile/src/hooks/useWebSocket.ts","statementMap":{"0":{"start":{"line":24,"column":28},"end":{"line":105,"column":1}},"1":{"start":{"line":25,"column":33},"end":{"line":25,"column":46}},"2":{"start":{"line":37,"column":8},"end":{"line":37,"column":25}},"3":{"start":{"line":39,"column":4},"end":{"line":74,"column":86}},"4":{"start":{"line":40,"column":26},"end":{"line":66,"column":9}},"5":{"start":{"line":42,"column":16},"end":{"line":42,"column":42}},"6":{"start":{"line":43,"column":16},"end":{"line":45,"column":17}},"7":{"start":{"line":44,"column":20},"end":{"line":44,"column":35}},"8":{"start":{"line":48,"column":29},"end":{"line":48,"column":64}},"9":{"start":{"line":49,"column":32},"end":{"line":49,"column":58}},"10":{"start":{"line":51,"column":16},"end":{"line":60,"column":17}},"11":{"start":{"line":53,"column":38},"end":{"line":56,"column":40}},"12":{"start":{"line":57,"column":20},"end":{"line":57,"column":59}},"13":{"start":{"line":57,"column":35},"end":{"line":57,"column":59}},"14":{"start":{"line":58,"column":23},"end":{"line":60,"column":17}},"15":{"start":{"line":59,"column":20},"end":{"line":59,"column":57}},"16":{"start":{"line":63,"column":16},"end":{"line":63,"column":38}},"17":{"start":{"line":64,"column":16},"end":{"line":64,"column":51}},"18":{"start":{"line":68,"column":8},"end":{"line":68,"column":49}},"19":{"start":{"line":70,"column":8},"end":{"line":73,"column":10}},"20":{"start":{"line":72,"column":12},"end":{"line":72,"column":46}},"21":{"start":{"line":76,"column":20},"end":{"line":80,"column":47}},"22":{"start":{"line":77,"column":8},"end":{"line":79,"column":9}},"23":{"start":{"line":78,"column":12},"end":{"line":78,"column":71}},"24":{"start":{"line":82,"column":23},"end":{"line":84,"column":26}},"25":{"start":{"line":83,"column":8},"end":{"line":83,"column":38}},"26":{"start":{"line":86,"column":18},"end":{"line":92,"column":36}},"27":{"start":{"line":87,"column":23},"end":{"line":87,"column":71}},"28":{"start":{"line":88,"column":8},"end":{"line":90,"column":9}},"29":{"start":{"line":89,"column":12},"end":{"line":89,"column":43}},"30":{"start":{"line":91,"column":8},"end":{"line":91,"column":22}},"31":{"start":{"line":94,"column":4},"end":{"line":104,"column":6}}},"fnMap":{"0":{"name":"(anonymous_0)","decl":{"start":{"line":24,"column":28},"end":{"line":24,"column":29}},"loc":{"start":{"line":24,"column":54},"end":{"line":105,"column":1}},"line":24},"1":{"name":"(anonymous_1)","decl":{"start":{"line":39,"column":14},"end":{"line":39,"column":15}},"loc":{"start":{"line":39,"column":20},"end":{"line":74,"column":5}},"line":39},"2":{"name":"(anonymous_2)","decl":{"start":{"line":41,"column":37},"end":{"line":41,"column":38}},"loc":{"start":{"line":41,"column":65},"end":{"line":46,"column":13}},"line":41},"3":{"name":"(anonymous_3)","decl":{"start":{"line":47,"column":23},"end":{"line":47,"column":24}},"loc":{"start":{"line":47,"column":54},"end":{"line":61,"column":13}},"line":47},"4":{"name":"(anonymous_4)","decl":{"start":{"line":62,"column":21},"end":{"line":62,"column":22}},"loc":{"start":{"line":62,"column":37},"end":{"line":65,"column":13}},"line":62},"5":{"name":"(anonymous_5)","decl":{"start":{"line":70,"column":15},"end":{"line":70,"column":16}},"loc":{"start":{"line":70,"column":21},"end":{"line":73,"column":9}},"line":70},"6":{"name":"(anonymous_6)","decl":{"start":{"line":76,"column":32},"end":{"line":76,"column":33}},"loc":{"start":{"line":76,"column":38},"end":{"line":80,"column":5}},"line":76},"7":{"name":"(anonymous_7)","decl":{"start":{"line":82,"column":35},"end":{"line":82,"column":36}},"loc":{"start":{"line":82,"column":41},"end":{"line":84,"column":5}},"line":82},"8":{"name":"(anonymous_8)","decl":{"start":{"line":86,"column":30},"end":{"line":86,"column":31}},"loc":{"start":{"line":86,"column":106},"end":{"line":92,"column":5}},"line":86}},"branchMap":{"0":{"loc":{"start":{"line":43,"column":16},"end":{"line":45,"column":17}},"type":"if","locations":[{"start":{"line":43,"column":16},"end":{"line":45,"column":17}},{"start":{},"end":{}}],"line":43},"1":{"loc":{"start":{"line":48,"column":29},"end":{"line":48,"column":64}},"type":"binary-expr","locations":[{"start":{"line":48,"column":29},"end":{"line":48,"column":41}},{"start":{"line":48,"column":45},"end":{"line":48,"column":64}}],"line":48},"2":{"loc":{"start":{"line":49,"column":32},"end":{"line":49,"column":58}},"type":"binary-expr","locations":[{"start":{"line":49,"column":32},"end":{"line":49,"column":47}},{"start":{"line":49,"column":51},"end":{"line":49,"column":58}}],"line":49},"3":{"loc":{"start":{"line":51,"column":16},"end":{"line":60,"column":17}},"type":"if","locations":[{"start":{"line":51,"column":16},"end":{"line":60,"column":17}},{"start":{"line":58,"column":23},"end":{"line":60,"column":17}}],"line":51},"4":{"loc":{"start":{"line":51,"column":20},"end":{"line":51,"column":74}},"type":"binary-expr","locations":[{"start":{"line":51,"column":20},"end":{"line":51,"column":45}},{"start":{"line":51,"column":49},"end":{"line":51,"column":74}}],"line":51},"5":{"loc":{"start":{"line":53,"column":38},"end":{"line":56,"column":40}},"type":"binary-expr","locations":[{"start":{"line":53,"column":38},"end":{"line":53,"column":55}},{"start":{"line":54,"column":25},"end":{"line":56,"column":39}}],"line":53},"6":{"loc":{"start":{"line":54,"column":25},"end":{"line":56,"column":39}},"type":"cond-expr","locations":[{"start":{"line":55,"column":30},"end":{"line":55,"column":75}},{"start":{"line":56,"column":30},"end":{"line":56,"column":39}}],"line":54},"7":{"loc":{"start":{"line":54,"column":25},"end":{"line":54,"column":89}},"type":"binary-expr","locations":[{"start":{"line":54,"column":25},"end":{"line":54,"column":32}},{"start":{"line":54,"column":36},"end":{"line":54,"column":63}},{"start":{"line":54,"column":67},"end":{"line":54,"column":89}}],"line":54},"8":{"loc":{"start":{"line":57,"column":20},"end":{"line":57,"column":59}},"type":"if","locations":[{"start":{"line":57,"column":20},"end":{"line":57,"column":59}},{"start":{},"end":{}}],"line":57},"9":{"loc":{"start":{"line":58,"column":23},"end":{"line":60,"column":17}},"type":"if","locations":[{"start":{"line":58,"column":23},"end":{"line":60,"column":17}},{"start":{},"end":{}}],"line":58},"10":{"loc":{"start":{"line":58,"column":27},"end":{"line":58,"column":75}},"type":"binary-expr","locations":[{"start":{"line":58,"column":27},"end":{"line":58,"column":49}},{"start":{"line":58,"column":53},"end":{"line":58,"column":75}}],"line":58},"11":{"loc":{"start":{"line":77,"column":8},"end":{"line":79,"column":9}},"type":"if","locations":[{"start":{"line":77,"column":8},"end":{"line":79,"column":9}},{"start":{},"end":{}}],"line":77},"12":{"loc":{"start":{"line":78,"column":47},"end":{"line":78,"column":69}},"type":"binary-expr","locations":[{"start":{"line":78,"column":47},"end":{"line":78,"column":56}},{"start":{"line":78,"column":60},"end":{"line":78,"column":69}}],"line":78},"13":{"loc":{"start":{"line":88,"column":8},"end":{"line":90,"column":9}},"type":"if","locations":[{"start":{"line":88,"column":8},"end":{"line":90,"column":9}},{"start":{},"end":{}}],"line":88},"14":{"loc":{"start":{"line":97,"column":22},"end":{"line":97,"column":92}},"type":"binary-expr","locations":[{"start":{"line":97,"column":22},"end":{"line":97,"column":54}},{"start":{"line":97,"column":58},"end":{"line":97,"column":92}}],"line":97}},"s":{"0":1,"1":6,"2":6,"3":6,"4":4,"5":1,"6":1,"7":1,"8":2,"9":2,"10":2,"11":1,"12":1,"13":1,"14":1,"15":1,"16":0,"17":0,"18":4,"19":4,"20":4,"21":6,"22":1,"23":1,"24":6,"25":1,"26":6,"27":0,"28":0,"29":0,"30":0,"31":6},"f":{"0":6,"1":4,"2":1,"3":2,"4":0,"5":4,"6":1,"7":1,"8":0},"b":{"0":[1,0],"1":[2,0],"2":[2,0],"3":[1,1],"4":[2,2],"5":[1,1],"6":[1,0],"7":[1,1,1],"8":[1,0],"9":[1,0],"10":[1,1],"11":[1,0],"12":[1,1],"13":[0,0],"14":[6,6]},"_coverageSchema":"1a1c01bbd47fc00a2c39e90264f33305004495a9","hash":"daf238d95c09cc008f1d1318ff229f55f9071162"}
,"/Users/andrewmauer/projects/social-vinyl-mobile/src/services/CollectionSyncService.ts": {"path":"/Users/andrewmauer/projects/social-vinyl-mobile/src/services/CollectionSyncService.ts","statementMap":{"0":{"start":{"line":34,"column":26},"end":{"line":34,"column":43}},"1":{"start":{"line":37,"column":8},"end":{"line":39,"column":9}},"2":{"start":{"line":38,"column":12},"end":{"line":38,"column":98}},"3":{"start":{"line":41,"column":8},"end":{"line":41,"column":37}},"4":{"start":{"line":42,"column":8},"end":{"line":42,"column":45}},"5":{"start":{"line":43,"column":8},"end":{"line":43,"column":34}},"6":{"start":{"line":45,"column":8},"end":{"line":83,"column":9}},"7":{"start":{"line":46,"column":12},"end":{"line":46,"column":87}},"8":{"start":{"line":46,"column":33},"end":{"line":46,"column":87}},"9":{"start":{"line":49,"column":25},"end":{"line":49,"column":53}},"10":{"start":{"line":51,"column":12},"end":{"line":53,"column":13}},"11":{"start":{"line":52,"column":16},"end":{"line":52,"column":81}},"12":{"start":{"line":55,"column":12},"end":{"line":55,"column":38}},"13":{"start":{"line":59,"column":12},"end":{"line":59,"column":91}},"14":{"start":{"line":59,"column":33},"end":{"line":59,"column":91}},"15":{"start":{"line":60,"column":12},"end":{"line":60,"column":56}},"16":{"start":{"line":62,"column":12},"end":{"line":62,"column":57}},"17":{"start":{"line":64,"column":12},"end":{"line":64,"column":92}},"18":{"start":{"line":64,"column":33},"end":{"line":64,"column":92}},"19":{"start":{"line":65,"column":12},"end":{"line":65,"column":50}},"20":{"start":{"line":66,"column":12},"end":{"line":66,"column":39}},"21":{"start":{"line":68,"column":12},"end":{"line":75,"column":14}},"22":{"start":{"line":78,"column":12},"end":{"line":78,"column":50}},"23":{"start":{"line":79,"column":12},"end":{"line":79,"column":47}},"24":{"start":{"line":80,"column":12},"end":{"line":80,"column":111}},"25":{"start":{"line":82,"column":12},"end":{"line":82,"column":44}},"26":{"start":{"line":87,"column":8},"end":{"line":87,"column":56}},"27":{"start":{"line":87,"column":20},"end":{"line":87,"column":56}},"28":{"start":{"line":88,"column":8},"end":{"line":88,"column":41}},"29":{"start":{"line":92,"column":8},"end":{"line":166,"column":9}},"30":{"start":{"line":94,"column":24},"end":{"line":94,"column":85}},"31":{"start":{"line":95,"column":12},"end":{"line":95,"column":49}},"32":{"start":{"line":97,"column":29},"end":{"line":97,"column":45}},"33":{"start":{"line":100,"column":32},"end":{"line":100,"column":68}},"34":{"start":{"line":101,"column":12},"end":{"line":103,"column":13}},"35":{"start":{"line":102,"column":16},"end":{"line":102,"column":121}},"36":{"start":{"line":105,"column":12},"end":{"line":107,"column":13}},"37":{"start":{"line":106,"column":16},"end":{"line":106,"column":65}},"38":{"start":{"line":109,"column":28},"end":{"line":109,"column":49}},"39":{"start":{"line":114,"column":12},"end":{"line":157,"column":13}},"40":{"start":{"line":115,"column":40},"end":{"line":115,"column":71}},"41":{"start":{"line":116,"column":35},"end":{"line":116,"column":62}},"42":{"start":{"line":117,"column":16},"end":{"line":117,"column":79}},"43":{"start":{"line":119,"column":16},"end":{"line":146,"column":17}},"44":{"start":{"line":120,"column":38},"end":{"line":120,"column":62}},"45":{"start":{"line":121,"column":20},"end":{"line":145,"column":21}},"46":{"start":{"line":123,"column":46},"end":{"line":123,"column":83}},"47":{"start":{"line":124,"column":43},"end":{"line":124,"column":87}},"48":{"start":{"line":125,"column":35},"end":{"line":125,"column":64}},"49":{"start":{"line":127,"column":24},"end":{"line":144,"column":25}},"50":{"start":{"line":129,"column":28},"end":{"line":129,"column":115}},"51":{"start":{"line":131,"column":45},"end":{"line":131,"column":68}},"52":{"start":{"line":132,"column":28},"end":{"line":143,"column":29}},"53":{"start":{"line":134,"column":55},"end":{"line":134,"column":124}},"54":{"start":{"line":135,"column":61},"end":{"line":135,"column":108}},"55":{"start":{"line":137,"column":32},"end":{"line":142,"column":33}},"56":{"start":{"line":138,"column":36},"end":{"line":138,"column":67}},"57":{"start":{"line":141,"column":36},"end":{"line":141,"column":70}},"58":{"start":{"line":148,"column":35},"end":{"line":148,"column":71}},"59":{"start":{"line":149,"column":16},"end":{"line":149,"column":104}},"60":{"start":{"line":151,"column":16},"end":{"line":156,"column":18}},"61":{"start":{"line":159,"column":12},"end":{"line":159,"column":27}},"62":{"start":{"line":161,"column":12},"end":{"line":161,"column":70}},"63":{"start":{"line":162,"column":12},"end":{"line":164,"column":13}},"64":{"start":{"line":163,"column":16},"end":{"line":163,"column":28}},"65":{"start":{"line":165,"column":12},"end":{"line":165,"column":24}},"66":{"start":{"line":170,"column":8},"end":{"line":172,"column":9}},"67":{"start":{"line":171,"column":12},"end":{"line":171,"column":135}},"68":{"start":{"line":175,"column":36},"end":{"line":175,"column":38}},"69":{"start":{"line":176,"column":27},"end":{"line":176,"column":28}},"70":{"start":{"line":178,"column":8},"end":{"line":200,"column":9}},"71":{"start":{"line":179,"column":34},"end":{"line":179,"column":69}},"72":{"start":{"line":180,"column":12},"end":{"line":184,"column":13}},"73":{"start":{"line":181,"column":16},"end":{"line":181,"column":104}},"74":{"start":{"line":182,"column":16},"end":{"line":182,"column":31}},"75":{"start":{"line":183,"column":16},"end":{"line":183,"column":25}},"76":{"start":{"line":186,"column":12},"end":{"line":199,"column":15}},"77":{"start":{"line":202,"column":8},"end":{"line":204,"column":9}},"78":{"start":{"line":203,"column":12},"end":{"line":203,"column":85}},"79":{"start":{"line":206,"column":8},"end":{"line":206,"column":52}},"80":{"start":{"line":210,"column":8},"end":{"line":227,"column":9}},"81":{"start":{"line":211,"column":24},"end":{"line":211,"column":92}},"82":{"start":{"line":212,"column":12},"end":{"line":212,"column":77}},"83":{"start":{"line":212,"column":33},"end":{"line":212,"column":77}},"84":{"start":{"line":213,"column":29},"end":{"line":213,"column":45}},"85":{"start":{"line":214,"column":12},"end":{"line":214,"column":79}},"86":{"start":{"line":214,"column":30},"end":{"line":214,"column":79}},"87":{"start":{"line":215,"column":25},"end":{"line":215,"column":46}},"88":{"start":{"line":217,"column":12},"end":{"line":222,"column":13}},"89":{"start":{"line":218,"column":16},"end":{"line":220,"column":17}},"90":{"start":{"line":219,"column":20},"end":{"line":219,"column":104}},"91":{"start":{"line":221,"column":16},"end":{"line":221,"column":60}},"92":{"start":{"line":223,"column":12},"end":{"line":223,"column":75}},"93":{"start":{"line":225,"column":12},"end":{"line":225,"column":67}},"94":{"start":{"line":226,"column":12},"end":{"line":226,"column":106}},"95":{"start":{"line":231,"column":27},"end":{"line":231,"column":54}}},"fnMap":{"0":{"name":"(anonymous_0)","decl":{"start":{"line":36,"column":4},"end":{"line":36,"column":5}},"loc":{"start":{"line":36,"column":100},"end":{"line":84,"column":5}},"line":36},"1":{"name":"(anonymous_1)","decl":{"start":{"line":86,"column":4},"end":{"line":86,"column":5}},"loc":{"start":{"line":86,"column":47},"end":{"line":89,"column":5}},"line":86},"2":{"name":"(anonymous_2)","decl":{"start":{"line":91,"column":4},"end":{"line":91,"column":5}},"loc":{"start":{"line":91,"column":74},"end":{"line":167,"column":5}},"line":91},"3":{"name":"(anonymous_3)","decl":{"start":{"line":169,"column":4},"end":{"line":169,"column":5}},"loc":{"start":{"line":169,"column":70},"end":{"line":207,"column":5}},"line":169},"4":{"name":"(anonymous_4)","decl":{"start":{"line":209,"column":4},"end":{"line":209,"column":5}},"loc":{"start":{"line":209,"column":86},"end":{"line":228,"column":5}},"line":209}},"branchMap":{"0":{"loc":{"start":{"line":37,"column":8},"end":{"line":39,"column":9}},"type":"if","locations":[{"start":{"line":37,"column":8},"end":{"line":39,"column":9}},{"start":{},"end":{}}],"line":37},"1":{"loc":{"start":{"line":46,"column":12},"end":{"line":46,"column":87}},"type":"if","locations":[{"start":{"line":46,"column":12},"end":{"line":46,"column":87}},{"start":{},"end":{}}],"line":46},"2":{"loc":{"start":{"line":51,"column":12},"end":{"line":53,"column":13}},"type":"if","locations":[{"start":{"line":51,"column":12},"end":{"line":53,"column":13}},{"start":{},"end":{}}],"line":51},"3":{"loc":{"start":{"line":51,"column":16},"end":{"line":51,"column":65}},"type":"binary-expr","locations":[{"start":{"line":51,"column":16},"end":{"line":51,"column":21}},{"start":{"line":51,"column":25},"end":{"line":51,"column":37}},{"start":{"line":51,"column":41},"end":{"line":51,"column":65}}],"line":51},"4":{"loc":{"start":{"line":59,"column":12},"end":{"line":59,"column":91}},"type":"if","locations":[{"start":{"line":59,"column":12},"end":{"line":59,"column":91}},{"start":{},"end":{}}],"line":59},"5":{"loc":{"start":{"line":64,"column":12},"end":{"line":64,"column":92}},"type":"if","locations":[{"start":{"line":64,"column":12},"end":{"line":64,"column":92}},{"start":{},"end":{}}],"line":64},"6":{"loc":{"start":{"line":80,"column":44},"end":{"line":80,"column":108}},"type":"cond-expr","locations":[{"start":{"line":80,"column":69},"end":{"line":80,"column":74}},{"start":{"line":80,"column":77},"end":{"line":80,"column":108}}],"line":80},"7":{"loc":{"start":{"line":87,"column":8},"end":{"line":87,"column":56}},"type":"if","locations":[{"start":{"line":87,"column":8},"end":{"line":87,"column":56}},{"start":{},"end":{}}],"line":87},"8":{"loc":{"start":{"line":101,"column":12},"end":{"line":103,"column":13}},"type":"if","locations":[{"start":{"line":101,"column":12},"end":{"line":103,"column":13}},{"start":{},"end":{}}],"line":101},"9":{"loc":{"start":{"line":101,"column":16},"end":{"line":101,"column":64}},"type":"binary-expr","locations":[{"start":{"line":101,"column":16},"end":{"line":101,"column":27}},{"start":{"line":101,"column":31},"end":{"line":101,"column":64}}],"line":101},"10":{"loc":{"start":{"line":105,"column":12},"end":{"line":107,"column":13}},"type":"if","locations":[{"start":{"line":105,"column":12},"end":{"line":107,"column":13}},{"start":{},"end":{}}],"line":105},"11":{"loc":{"start":{"line":114,"column":12},"end":{"line":157,"column":13}},"type":"if","locations":[{"start":{"line":114,"column":12},"end":{"line":157,"column":13}},{"start":{},"end":{}}],"line":114},"12":{"loc":{"start":{"line":114,"column":16},"end":{"line":114,"column":75}},"type":"binary-expr","locations":[{"start":{"line":114,"column":16},"end":{"line":114,"column":23}},{"start":{"line":114,"column":27},"end":{"line":114,"column":41}},{"start":{"line":114,"column":45},"end":{"line":114,"column":75}}],"line":114},"13":{"loc":{"start":{"line":123,"column":46},"end":{"line":123,"column":83}},"type":"binary-expr","locations":[{"start":{"line":123,"column":46},"end":{"line":123,"column":63}},{"start":{"line":123,"column":67},"end":{"line":123,"column":83}}],"line":123},"14":{"loc":{"start":{"line":124,"column":43},"end":{"line":124,"column":87}},"type":"cond-expr","locations":[{"start":{"line":124,"column":59},"end":{"line":124,"column":80}},{"start":{"line":124,"column":83},"end":{"line":124,"column":87}}],"line":124},"15":{"loc":{"start":{"line":125,"column":35},"end":{"line":125,"column":64}},"type":"binary-expr","locations":[{"start":{"line":125,"column":35},"end":{"line":125,"column":45}},{"start":{"line":125,"column":49},"end":{"line":125,"column":64}}],"line":125},"16":{"loc":{"start":{"line":127,"column":24},"end":{"line":144,"column":25}},"type":"if","locations":[{"start":{"line":127,"column":24},"end":{"line":144,"column":25}},{"start":{"line":130,"column":31},"end":{"line":144,"column":25}}],"line":127},"17":{"loc":{"start":{"line":129,"column":76},"end":{"line":129,"column":91}},"type":"binary-expr","locations":[{"start":{"line":129,"column":76},"end":{"line":129,"column":78}},{"start":{"line":129,"column":82},"end":{"line":129,"column":91}}],"line":129},"18":{"loc":{"start":{"line":132,"column":28},"end":{"line":143,"column":29}},"type":"if","locations":[{"start":{"line":132,"column":28},"end":{"line":143,"column":29}},{"start":{},"end":{}}],"line":132},"19":{"loc":{"start":{"line":132,"column":32},"end":{"line":132,"column":98}},"type":"binary-expr","locations":[{"start":{"line":132,"column":32},"end":{"line":132,"column":40}},{"start":{"line":132,"column":44},"end":{"line":132,"column":59}},{"start":{"line":132,"column":63},"end":{"line":132,"column":98}}],"line":132},"20":{"loc":{"start":{"line":137,"column":32},"end":{"line":142,"column":33}},"type":"if","locations":[{"start":{"line":137,"column":32},"end":{"line":142,"column":33}},{"start":{"line":139,"column":39},"end":{"line":142,"column":33}}],"line":137},"21":{"loc":{"start":{"line":154,"column":30},"end":{"line":154,"column":56}},"type":"binary-expr","locations":[{"start":{"line":154,"column":30},"end":{"line":154,"column":46}},{"start":{"line":154,"column":50},"end":{"line":154,"column":56}}],"line":154},"22":{"loc":{"start":{"line":162,"column":12},"end":{"line":164,"column":13}},"type":"if","locations":[{"start":{"line":162,"column":12},"end":{"line":164,"column":13}},{"start":{},"end":{}}],"line":162},"23":{"loc":{"start":{"line":162,"column":16},"end":{"line":162,"column":79}},"type":"binary-expr","locations":[{"start":{"line":162,"column":16},"end":{"line":162,"column":38}},{"start":{"line":162,"column":42},"end":{"line":162,"column":79}}],"line":162},"24":{"loc":{"start":{"line":170,"column":8},"end":{"line":172,"column":9}},"type":"if","locations":[{"start":{"line":170,"column":8},"end":{"line":172,"column":9}},{"start":{},"end":{}}],"line":170},"25":{"loc":{"start":{"line":170,"column":12},"end":{"line":170,"column":47}},"type":"binary-expr","locations":[{"start":{"line":170,"column":12},"end":{"line":170,"column":27}},{"start":{"line":170,"column":31},"end":{"line":170,"column":47}}],"line":170},"26":{"loc":{"start":{"line":171,"column":88},"end":{"line":171,"column":131}},"type":"binary-expr","locations":[{"start":{"line":171,"column":88},"end":{"line":171,"column":107}},{"start":{"line":171,"column":111},"end":{"line":171,"column":131}}],"line":171},"27":{"loc":{"start":{"line":179,"column":34},"end":{"line":179,"column":69}},"type":"binary-expr","locations":[{"start":{"line":179,"column":34},"end":{"line":179,"column":50}},{"start":{"line":179,"column":54},"end":{"line":179,"column":69}}],"line":179},"28":{"loc":{"start":{"line":180,"column":12},"end":{"line":184,"column":13}},"type":"if","locations":[{"start":{"line":180,"column":12},"end":{"line":184,"column":13}},{"start":{},"end":{}}],"line":180},"29":{"loc":{"start":{"line":192,"column":27},"end":{"line":192,"column":50}},"type":"binary-expr","locations":[{"start":{"line":192,"column":27},"end":{"line":192,"column":42}},{"start":{"line":192,"column":46},"end":{"line":192,"column":50}}],"line":192},"30":{"loc":{"start":{"line":195,"column":24},"end":{"line":195,"column":72}},"type":"cond-expr","locations":[{"start":{"line":195,"column":38},"end":{"line":195,"column":60}},{"start":{"line":195,"column":63},"end":{"line":195,"column":72}}],"line":195},"31":{"loc":{"start":{"line":198,"column":24},"end":{"line":198,"column":77}},"type":"cond-expr","locations":[{"start":{"line":198,"column":38},"end":{"line":198,"column":65}},{"start":{"line":198,"column":68},"end":{"line":198,"column":77}}],"line":198},"32":{"loc":{"start":{"line":202,"column":8},"end":{"line":204,"column":9}},"type":"if","locations":[{"start":{"line":202,"column":8},"end":{"line":204,"column":9}},{"start":{},"end":{}}],"line":202},"33":{"loc":{"start":{"line":212,"column":12},"end":{"line":212,"column":77}},"type":"if","locations":[{"start":{"line":212,"column":12},"end":{"line":212,"column":77}},{"start":{},"end":{}}],"line":212},"34":{"loc":{"start":{"line":214,"column":12},"end":{"line":214,"column":79}},"type":"if","locations":[{"start":{"line":214,"column":12},"end":{"line":214,"column":79}},{"start":{},"end":{}}],"line":214},"35":{"loc":{"start":{"line":217,"column":12},"end":{"line":222,"column":13}},"type":"if","locations":[{"start":{"line":217,"column":12},"end":{"line":222,"column":13}},{"start":{},"end":{}}],"line":217},"36":{"loc":{"start":{"line":217,"column":16},"end":{"line":217,"column":35}},"type":"binary-expr","locations":[{"start":{"line":217,"column":16},"end":{"line":217,"column":20}},{"start":{"line":217,"column":24},"end":{"line":217,"column":35}}],"line":217},"37":{"loc":{"start":{"line":218,"column":16},"end":{"line":220,"column":17}},"type":"if","locations":[{"start":{"line":218,"column":16},"end":{"line":220,"column":17}},{"start":{},"end":{}}],"line":218},"38":{"loc":{"start":{"line":226,"column":44},"end":{"line":226,"column":103}},"type":"cond-expr","locations":[{"start":{"line":226,"column":69},"end":{"line":226,"column":74}},{"start":{"line":226,"column":77},"end":{"line":226,"column":103}}],"line":226}},"s":{"0":2,"1":6,"2":1,"3":5,"4":5,"5":5,"6":5,"7":5,"8":0,"9":5,"10":4,"11":1,"12":3,"13":3,"14":0,"15":3,"16":3,"17":3,"18":0,"19":3,"20":3,"21":3,"22":2,"23":2,"24":2,"25":5,"26":0,"27":0,"28":0,"29":5,"30":5,"31":5,"32":5,"33":5,"34":5,"35":1,"36":4,"37":1,"38":3,"39":3,"40":3,"41":3,"42":3,"43":3,"44":5,"45":5,"46":6,"47":6,"48":6,"49":6,"50":5,"51":1,"52":1,"53":1,"54":1,"55":1,"56":0,"57":1,"58":3,"59":3,"60":3,"61":0,"62":2,"63":2,"64":1,"65":1,"66":3,"67":0,"68":3,"69":3,"70":3,"71":5,"72":5,"73":0,"74":0,"75":0,"76":5,"77":3,"78":0,"79":3,"80":2,"81":2,"82":2,"83":0,"84":2,"85":2,"86":1,"87":1,"88":1,"89":1,"90":1,"91":1,"92":0,"93":1,"94":1,"95":2},"f":{"0":6,"1":0,"2":5,"3":3,"4":2},"b":{"0":[1,5],"1":[0,5],"2":[1,3],"3":[4,3,3],"4":[0,3],"5":[0,3],"6":[2,0],"7":[0,0],"8":[1,4],"9":[5,5],"10":[1,3],"11":[3,0],"12":[3,3,3],"13":[6,0],"14":[6,0],"15":[6,0],"16":[5,1],"17":[5,0],"18":[1,0],"19":[1,1,1],"20":[0,1],"21":[3,0],"22":[1,1],"23":[2,2],"24":[0,3],"25":[3,0],"26":[0,0],"27":[5,0],"28":[0,5],"29":[5,0],"30":[5,0],"31":[0,5],"32":[0,3],"33":[0,2],"34":[1,1],"35":[1,0],"36":[1,1],"37":[1,0],"38":[1,0]},"_coverageSchema":"1a1c01bbd47fc00a2c39e90264f33305004495a9","hash":"f9112324cb8cac3578dfb1930483d3a12d8acb77"}
,"/Users/andrewmauer/projects/social-vinyl-mobile/src/services/DatabaseService.ts": {"path":"/Users/andrewmauer/projects/social-vinyl-mobile/src/services/DatabaseService.ts","statementMap":{"0":{"start":{"line":8,"column":47},"end":{"line":8,"column":51}},"1":{"start":{"line":9,"column":48},"end":{"line":9,"column":52}},"2":{"start":{"line":14,"column":8},"end":{"line":16,"column":9}},"3":{"start":{"line":15,"column":12},"end":{"line":15,"column":61}},"4":{"start":{"line":17,"column":8},"end":{"line":17,"column":40}},"5":{"start":{"line":24,"column":8},"end":{"line":24,"column":40}},"6":{"start":{"line":24,"column":22},"end":{"line":24,"column":40}},"7":{"start":{"line":25,"column":8},"end":{"line":25,"column":90}},"8":{"start":{"line":25,"column":22},"end":{"line":25,"column":90}},"9":{"start":{"line":26,"column":8},"end":{"line":26,"column":23}},"10":{"start":{"line":30,"column":8},"end":{"line":30,"column":28}},"11":{"start":{"line":30,"column":21},"end":{"line":30,"column":28}},"12":{"start":{"line":31,"column":8},"end":{"line":31,"column":54}},"13":{"start":{"line":31,"column":30},"end":{"line":31,"column":54}},"14":{"start":{"line":33,"column":8},"end":{"line":81,"column":13}},"15":{"start":{"line":34,"column":12},"end":{"line":80,"column":13}},"16":{"start":{"line":35,"column":16},"end":{"line":35,"column":59}},"17":{"start":{"line":36,"column":16},"end":{"line":36,"column":76}},"18":{"start":{"line":37,"column":16},"end":{"line":37,"column":73}},"19":{"start":{"line":37,"column":30},"end":{"line":37,"column":73}},"20":{"start":{"line":39,"column":16},"end":{"line":39,"column":72}},"21":{"start":{"line":43,"column":34},"end":{"line":43,"column":120}},"22":{"start":{"line":44,"column":31},"end":{"line":44,"column":66}},"23":{"start":{"line":44,"column":55},"end":{"line":44,"column":65}},"24":{"start":{"line":45,"column":36},"end":{"line":45,"column":90}},"25":{"start":{"line":48,"column":16},"end":{"line":51,"column":17}},"26":{"start":{"line":49,"column":20},"end":{"line":49,"column":116}},"27":{"start":{"line":50,"column":20},"end":{"line":50,"column":77}},"28":{"start":{"line":53,"column":16},"end":{"line":74,"column":19}},"29":{"start":{"line":75,"column":16},"end":{"line":75,"column":64}},"30":{"start":{"line":77,"column":16},"end":{"line":77,"column":66}},"31":{"start":{"line":78,"column":16},"end":{"line":78,"column":40}},"32":{"start":{"line":79,"column":16},"end":{"line":79,"column":28}},"33":{"start":{"line":83,"column":8},"end":{"line":83,"column":32}},"34":{"start":{"line":87,"column":19},"end":{"line":87,"column":40}},"35":{"start":{"line":89,"column":8},"end":{"line":108,"column":9}},"36":{"start":{"line":90,"column":12},"end":{"line":104,"column":14}},"37":{"start":{"line":106,"column":12},"end":{"line":106,"column":64}},"38":{"start":{"line":107,"column":12},"end":{"line":107,"column":24}},"39":{"start":{"line":112,"column":19},"end":{"line":112,"column":40}},"40":{"start":{"line":114,"column":8},"end":{"line":137,"column":9}},"41":{"start":{"line":115,"column":12},"end":{"line":133,"column":15}},"42":{"start":{"line":116,"column":16},"end":{"line":132,"column":17}},"43":{"start":{"line":117,"column":20},"end":{"line":131,"column":22}},"44":{"start":{"line":135,"column":12},"end":{"line":135,"column":71}},"45":{"start":{"line":136,"column":12},"end":{"line":136,"column":24}},"46":{"start":{"line":141,"column":19},"end":{"line":141,"column":40}},"47":{"start":{"line":143,"column":8},"end":{"line":163,"column":9}},"48":{"start":{"line":147,"column":24},"end":{"line":147,"column":65}},"49":{"start":{"line":148,"column":42},"end":{"line":148,"column":50}},"50":{"start":{"line":150,"column":12},"end":{"line":150,"column":64}},"51":{"start":{"line":153,"column":12},"end":{"line":156,"column":13}},"52":{"start":{"line":154,"column":16},"end":{"line":154,"column":45}},"53":{"start":{"line":155,"column":16},"end":{"line":155,"column":43}},"54":{"start":{"line":158,"column":25},"end":{"line":158,"column":69}},"55":{"start":{"line":159,"column":12},"end":{"line":159,"column":24}},"56":{"start":{"line":161,"column":12},"end":{"line":161,"column":64}},"57":{"start":{"line":162,"column":12},"end":{"line":162,"column":24}},"58":{"start":{"line":167,"column":19},"end":{"line":167,"column":40}},"59":{"start":{"line":168,"column":8},"end":{"line":173,"column":10}},"60":{"start":{"line":177,"column":19},"end":{"line":177,"column":40}},"61":{"start":{"line":178,"column":8},"end":{"line":178,"column":75}},"62":{"start":{"line":182,"column":19},"end":{"line":182,"column":40}},"63":{"start":{"line":183,"column":8},"end":{"line":183,"column":51}},"64":{"start":{"line":188,"column":8},"end":{"line":188,"column":23}},"65":{"start":{"line":189,"column":8},"end":{"line":189,"column":32}},"66":{"start":{"line":191,"column":8},"end":{"line":191,"column":40}},"67":{"start":{"line":195,"column":25},"end":{"line":195,"column":54}}},"fnMap":{"0":{"name":"(anonymous_0)","decl":{"start":{"line":11,"column":4},"end":{"line":11,"column":5}},"loc":{"start":{"line":11,"column":26},"end":{"line":11,"column":29}},"line":11},"1":{"name":"(anonymous_1)","decl":{"start":{"line":13,"column":4},"end":{"line":13,"column":5}},"loc":{"start":{"line":13,"column":49},"end":{"line":18,"column":5}},"line":13},"2":{"name":"(anonymous_2)","decl":{"start":{"line":23,"column":4},"end":{"line":23,"column":5}},"loc":{"start":{"line":23,"column":61},"end":{"line":27,"column":5}},"line":23},"3":{"name":"(anonymous_3)","decl":{"start":{"line":29,"column":4},"end":{"line":29,"column":5}},"loc":{"start":{"line":29,"column":24},"end":{"line":84,"column":5}},"line":29},"4":{"name":"(anonymous_4)","decl":{"start":{"line":33,"column":28},"end":{"line":33,"column":29}},"loc":{"start":{"line":33,"column":40},"end":{"line":81,"column":9}},"line":33},"5":{"name":"(anonymous_5)","decl":{"start":{"line":44,"column":48},"end":{"line":44,"column":49}},"loc":{"start":{"line":44,"column":55},"end":{"line":44,"column":65}},"line":44},"6":{"name":"(anonymous_6)","decl":{"start":{"line":86,"column":4},"end":{"line":86,"column":5}},"loc":{"start":{"line":86,"column":47},"end":{"line":109,"column":5}},"line":86},"7":{"name":"(anonymous_7)","decl":{"start":{"line":111,"column":4},"end":{"line":111,"column":5}},"loc":{"start":{"line":111,"column":56},"end":{"line":138,"column":5}},"line":111},"8":{"name":"(anonymous_8)","decl":{"start":{"line":115,"column":42},"end":{"line":115,"column":43}},"loc":{"start":{"line":115,"column":54},"end":{"line":133,"column":13}},"line":115},"9":{"name":"(anonymous_9)","decl":{"start":{"line":140,"column":4},"end":{"line":140,"column":5}},"loc":{"start":{"line":140,"column":98},"end":{"line":164,"column":5}},"line":140},"10":{"name":"(anonymous_10)","decl":{"start":{"line":166,"column":4},"end":{"line":166,"column":5}},"loc":{"start":{"line":166,"column":92},"end":{"line":174,"column":5}},"line":166},"11":{"name":"(anonymous_11)","decl":{"start":{"line":176,"column":4},"end":{"line":176,"column":5}},"loc":{"start":{"line":176,"column":53},"end":{"line":179,"column":5}},"line":176},"12":{"name":"(anonymous_12)","decl":{"start":{"line":181,"column":4},"end":{"line":181,"column":5}},"loc":{"start":{"line":181,"column":28},"end":{"line":184,"column":5}},"line":181},"13":{"name":"(anonymous_13)","decl":{"start":{"line":187,"column":4},"end":{"line":187,"column":5}},"loc":{"start":{"line":187,"column":30},"end":{"line":192,"column":5}},"line":187}},"branchMap":{"0":{"loc":{"start":{"line":14,"column":8},"end":{"line":16,"column":9}},"type":"if","locations":[{"start":{"line":14,"column":8},"end":{"line":16,"column":9}},{"start":{},"end":{}}],"line":14},"1":{"loc":{"start":{"line":24,"column":8},"end":{"line":24,"column":40}},"type":"if","locations":[{"start":{"line":24,"column":8},"end":{"line":24,"column":40}},{"start":{},"end":{}}],"line":24},"2":{"loc":{"start":{"line":25,"column":8},"end":{"line":25,"column":90}},"type":"if","locations":[{"start":{"line":25,"column":8},"end":{"line":25,"column":90}},{"start":{},"end":{}}],"line":25},"3":{"loc":{"start":{"line":30,"column":8},"end":{"line":30,"column":28}},"type":"if","locations":[{"start":{"line":30,"column":8},"end":{"line":30,"column":28}},{"start":{},"end":{}}],"line":30},"4":{"loc":{"start":{"line":31,"column":8},"end":{"line":31,"column":54}},"type":"if","locations":[{"start":{"line":31,"column":8},"end":{"line":31,"column":54}},{"start":{},"end":{}}],"line":31},"5":{"loc":{"start":{"line":37,"column":16},"end":{"line":37,"column":73}},"type":"if","locations":[{"start":{"line":37,"column":16},"end":{"line":37,"column":73}},{"start":{},"end":{}}],"line":37},"6":{"loc":{"start":{"line":45,"column":36},"end":{"line":45,"column":90}},"type":"binary-expr","locations":[{"start":{"line":45,"column":36},"end":{"line":45,"column":55}},{"start":{"line":45,"column":59},"end":{"line":45,"column":90}}],"line":45},"7":{"loc":{"start":{"line":48,"column":16},"end":{"line":51,"column":17}},"type":"if","locations":[{"start":{"line":48,"column":16},"end":{"line":51,"column":17}},{"start":{},"end":{}}],"line":48},"8":{"loc":{"start":{"line":48,"column":20},"end":{"line":48,"column":56}},"type":"binary-expr","locations":[{"start":{"line":48,"column":20},"end":{"line":48,"column":40}},{"start":{"line":48,"column":44},"end":{"line":48,"column":56}}],"line":48},"9":{"loc":{"start":{"line":99,"column":16},"end":{"line":99,"column":36}},"type":"binary-expr","locations":[{"start":{"line":99,"column":16},"end":{"line":99,"column":28}},{"start":{"line":99,"column":32},"end":{"line":99,"column":36}}],"line":99},"10":{"loc":{"start":{"line":100,"column":16},"end":{"line":100,"column":38}},"type":"binary-expr","locations":[{"start":{"line":100,"column":16},"end":{"line":100,"column":30}},{"start":{"line":100,"column":34},"end":{"line":100,"column":38}}],"line":100},"11":{"loc":{"start":{"line":101,"column":16},"end":{"line":101,"column":37}},"type":"binary-expr","locations":[{"start":{"line":101,"column":16},"end":{"line":101,"column":29}},{"start":{"line":101,"column":33},"end":{"line":101,"column":37}}],"line":101},"12":{"loc":{"start":{"line":102,"column":16},"end":{"line":102,"column":38}},"type":"binary-expr","locations":[{"start":{"line":102,"column":16},"end":{"line":102,"column":30}},{"start":{"line":102,"column":34},"end":{"line":102,"column":38}}],"line":102},"13":{"loc":{"start":{"line":103,"column":16},"end":{"line":103,"column":38}},"type":"binary-expr","locations":[{"start":{"line":103,"column":16},"end":{"line":103,"column":30}},{"start":{"line":103,"column":34},"end":{"line":103,"column":38}}],"line":103},"14":{"loc":{"start":{"line":126,"column":24},"end":{"line":126,"column":44}},"type":"binary-expr","locations":[{"start":{"line":126,"column":24},"end":{"line":126,"column":36}},{"start":{"line":126,"column":40},"end":{"line":126,"column":44}}],"line":126},"15":{"loc":{"start":{"line":127,"column":24},"end":{"line":127,"column":46}},"type":"binary-expr","locations":[{"start":{"line":127,"column":24},"end":{"line":127,"column":38}},{"start":{"line":127,"column":42},"end":{"line":127,"column":46}}],"line":127},"16":{"loc":{"start":{"line":128,"column":24},"end":{"line":128,"column":45}},"type":"binary-expr","locations":[{"start":{"line":128,"column":24},"end":{"line":128,"column":37}},{"start":{"line":128,"column":41},"end":{"line":128,"column":45}}],"line":128},"17":{"loc":{"start":{"line":129,"column":24},"end":{"line":129,"column":46}},"type":"binary-expr","locations":[{"start":{"line":129,"column":24},"end":{"line":129,"column":38}},{"start":{"line":129,"column":42},"end":{"line":129,"column":46}}],"line":129},"18":{"loc":{"start":{"line":130,"column":24},"end":{"line":130,"column":46}},"type":"binary-expr","locations":[{"start":{"line":130,"column":24},"end":{"line":130,"column":38}},{"start":{"line":130,"column":42},"end":{"line":130,"column":46}}],"line":130},"19":{"loc":{"start":{"line":153,"column":12},"end":{"line":156,"column":13}},"type":"if","locations":[{"start":{"line":153,"column":12},"end":{"line":156,"column":13}},{"start":{},"end":{}}],"line":153},"20":{"loc":{"start":{"line":153,"column":16},"end":{"line":153,"column":59}},"type":"binary-expr","locations":[{"start":{"line":153,"column":16},"end":{"line":153,"column":35}},{"start":{"line":153,"column":39},"end":{"line":153,"column":59}}],"line":153}},"s":{"0":2,"1":2,"2":2,"3":2,"4":2,"5":9,"6":0,"7":9,"8":0,"9":9,"10":7,"11":0,"12":7,"13":0,"14":7,"15":7,"16":7,"17":7,"18":7,"19":0,"20":7,"21":7,"22":7,"23":0,"24":7,"25":7,"26":0,"27":0,"28":7,"29":7,"30":0,"31":0,"32":0,"33":7,"34":1,"35":1,"36":1,"37":0,"38":0,"39":3,"40":3,"41":3,"42":3,"43":4,"44":0,"45":0,"46":3,"47":3,"48":3,"49":3,"50":3,"51":3,"52":3,"53":3,"54":3,"55":3,"56":0,"57":0,"58":0,"59":0,"60":1,"61":1,"62":1,"63":1,"64":7,"65":7,"66":7,"67":2},"f":{"0":2,"1":2,"2":9,"3":7,"4":7,"5":0,"6":1,"7":3,"8":3,"9":3,"10":0,"11":1,"12":1,"13":7},"b":{"0":[2,0],"1":[0,9],"2":[0,9],"3":[0,7],"4":[0,7],"5":[0,7],"6":[7,0],"7":[0,7],"8":[7,0],"9":[1,1],"10":[1,1],"11":[1,1],"12":[1,1],"13":[1,1],"14":[4,4],"15":[4,4],"16":[4,4],"17":[4,4],"18":[4,4],"19":[3,0],"20":[3,3]},"_coverageSchema":"1a1c01bbd47fc00a2c39e90264f33305004495a9","hash":"7d5ae33ef18d7c1816904980f78c7b80c577416b"}
,"/Users/andrewmauer/projects/social-vinyl-mobile/src/services/WebSocketService.ts": {"path":"/Users/andrewmauer/projects/social-vinyl-mobile/src/services/WebSocketService.ts","statementMap":{"0":{"start":{"line":13,"column":39},"end":{"line":13,"column":43}},"1":{"start":{"line":14,"column":32},"end":{"line":14,"column":33}},"2":{"start":{"line":15,"column":35},"end":{"line":15,"column":36}},"3":{"start":{"line":16,"column":54},"end":{"line":16,"column":58}},"4":{"start":{"line":17,"column":30},"end":{"line":17,"column":34}},"5":{"start":{"line":18,"column":51},"end":{"line":18,"column":55}},"6":{"start":{"line":19,"column":77},"end":{"line":19,"column":81}},"7":{"start":{"line":24,"column":8},"end":{"line":26,"column":9}},"8":{"start":{"line":25,"column":12},"end":{"line":25,"column":63}},"9":{"start":{"line":27,"column":8},"end":{"line":27,"column":41}},"10":{"start":{"line":31,"column":8},"end":{"line":31,"column":35}},"11":{"start":{"line":35,"column":8},"end":{"line":35,"column":30}},"12":{"start":{"line":39,"column":8},"end":{"line":39,"column":63}},"13":{"start":{"line":39,"column":56},"end":{"line":39,"column":63}},"14":{"start":{"line":41,"column":8},"end":{"line":41,"column":53}},"15":{"start":{"line":42,"column":8},"end":{"line":42,"column":36}},"16":{"start":{"line":44,"column":8},"end":{"line":48,"column":9}},"17":{"start":{"line":45,"column":12},"end":{"line":45,"column":79}},"18":{"start":{"line":45,"column":33},"end":{"line":45,"column":79}},"19":{"start":{"line":46,"column":12},"end":{"line":46,"column":68}},"20":{"start":{"line":47,"column":12},"end":{"line":47,"column":19}},"21":{"start":{"line":50,"column":23},"end":{"line":53,"column":10}},"22":{"start":{"line":55,"column":8},"end":{"line":57,"column":9}},"23":{"start":{"line":56,"column":12},"end":{"line":56,"column":50}},"24":{"start":{"line":59,"column":32},"end":{"line":59,"column":71}},"25":{"start":{"line":60,"column":8},"end":{"line":60,"column":81}},"26":{"start":{"line":60,"column":29},"end":{"line":60,"column":81}},"27":{"start":{"line":62,"column":8},"end":{"line":62,"column":53}},"28":{"start":{"line":64,"column":8},"end":{"line":64,"column":45}},"29":{"start":{"line":65,"column":8},"end":{"line":65,"column":51}},"30":{"start":{"line":66,"column":8},"end":{"line":66,"column":47}},"31":{"start":{"line":67,"column":8},"end":{"line":67,"column":47}},"32":{"start":{"line":69,"column":8},"end":{"line":69,"column":62}},"33":{"start":{"line":73,"column":8},"end":{"line":73,"column":37}},"34":{"start":{"line":75,"column":8},"end":{"line":78,"column":9}},"35":{"start":{"line":76,"column":12},"end":{"line":76,"column":48}},"36":{"start":{"line":77,"column":12},"end":{"line":77,"column":41}},"37":{"start":{"line":80,"column":8},"end":{"line":83,"column":9}},"38":{"start":{"line":81,"column":12},"end":{"line":81,"column":32}},"39":{"start":{"line":82,"column":12},"end":{"line":82,"column":31}},"40":{"start":{"line":84,"column":8},"end":{"line":84,"column":64}},"41":{"start":{"line":97,"column":8},"end":{"line":156,"column":11}},"42":{"start":{"line":98,"column":47},"end":{"line":98,"column":51}},"43":{"start":{"line":99,"column":33},"end":{"line":102,"column":21}},"44":{"start":{"line":100,"column":16},"end":{"line":100,"column":36}},"45":{"start":{"line":101,"column":16},"end":{"line":101,"column":100}},"46":{"start":{"line":104,"column":26},"end":{"line":104,"column":61}},"47":{"start":{"line":105,"column":12},"end":{"line":105,"column":81}},"48":{"start":{"line":105,"column":33},"end":{"line":105,"column":81}},"49":{"start":{"line":107,"column":12},"end":{"line":107,"column":46}},"50":{"start":{"line":109,"column":12},"end":{"line":115,"column":14}},"51":{"start":{"line":110,"column":16},"end":{"line":114,"column":20}},"52":{"start":{"line":117,"column":12},"end":{"line":144,"column":14}},"53":{"start":{"line":118,"column":16},"end":{"line":143,"column":17}},"54":{"start":{"line":119,"column":33},"end":{"line":119,"column":55}},"55":{"start":{"line":120,"column":33},"end":{"line":120,"column":62}},"56":{"start":{"line":122,"column":20},"end":{"line":122,"column":89}},"57":{"start":{"line":122,"column":41},"end":{"line":122,"column":89}},"58":{"start":{"line":125,"column":20},"end":{"line":140,"column":21}},"59":{"start":{"line":126,"column":24},"end":{"line":126,"column":51}},"60":{"start":{"line":127,"column":24},"end":{"line":127,"column":44}},"61":{"start":{"line":128,"column":24},"end":{"line":135,"column":27}},"62":{"start":{"line":136,"column":27},"end":{"line":140,"column":21}},"63":{"start":{"line":137,"column":24},"end":{"line":137,"column":51}},"64":{"start":{"line":138,"column":24},"end":{"line":138,"column":44}},"65":{"start":{"line":139,"column":24},"end":{"line":139,"column":102}},"66":{"start":{"line":146,"column":12},"end":{"line":150,"column":14}},"67":{"start":{"line":147,"column":16},"end":{"line":147,"column":43}},"68":{"start":{"line":148,"column":16},"end":{"line":148,"column":36}},"69":{"start":{"line":149,"column":16},"end":{"line":149,"column":83}},"70":{"start":{"line":152,"column":12},"end":{"line":155,"column":14}},"71":{"start":{"line":154,"column":16},"end":{"line":154,"column":77}},"72":{"start":{"line":154,"column":37},"end":{"line":154,"column":77}},"73":{"start":{"line":159,"column":25},"end":{"line":163,"column":5}},"74":{"start":{"line":160,"column":8},"end":{"line":160,"column":38}},"75":{"start":{"line":161,"column":8},"end":{"line":161,"column":35}},"76":{"start":{"line":162,"column":8},"end":{"line":162,"column":61}},"77":{"start":{"line":165,"column":28},"end":{"line":214,"column":5}},"78":{"start":{"line":166,"column":8},"end":{"line":213,"column":9}},"79":{"start":{"line":167,"column":28},"end":{"line":167,"column":50}},"80":{"start":{"line":168,"column":25},"end":{"line":168,"column":60}},"81":{"start":{"line":169,"column":12},"end":{"line":169,"column":73}},"82":{"start":{"line":169,"column":33},"end":{"line":169,"column":73}},"83":{"start":{"line":172,"column":12},"end":{"line":172,"column":47}},"84":{"start":{"line":175,"column":12},"end":{"line":210,"column":13}},"85":{"start":{"line":181,"column":20},"end":{"line":185,"column":23}},"86":{"start":{"line":186,"column":20},"end":{"line":186,"column":26}},"87":{"start":{"line":189,"column":20},"end":{"line":198,"column":21}},"88":{"start":{"line":190,"column":42},"end":{"line":190,"column":49}},"89":{"start":{"line":191,"column":24},"end":{"line":197,"column":27}},"90":{"start":{"line":199,"column":20},"end":{"line":199,"column":26}},"91":{"start":{"line":202,"column":20},"end":{"line":202,"column":55}},"92":{"start":{"line":203,"column":20},"end":{"line":203,"column":26}},"93":{"start":{"line":206,"column":20},"end":{"line":208,"column":21}},"94":{"start":{"line":207,"column":24},"end":{"line":207,"column":73}},"95":{"start":{"line":209,"column":20},"end":{"line":209,"column":26}},"96":{"start":{"line":212,"column":12},"end":{"line":212,"column":61}},"97":{"start":{"line":216,"column":26},"end":{"line":224,"column":5}},"98":{"start":{"line":217,"column":8},"end":{"line":217,"column":67}},"99":{"start":{"line":218,"column":8},"end":{"line":218,"column":64}},"100":{"start":{"line":220,"column":8},"end":{"line":223,"column":9}},"101":{"start":{"line":221,"column":12},"end":{"line":221,"column":68}},"102":{"start":{"line":222,"column":12},"end":{"line":222,"column":36}},"103":{"start":{"line":226,"column":26},"end":{"line":229,"column":5}},"104":{"start":{"line":227,"column":8},"end":{"line":227,"column":60}},"105":{"start":{"line":228,"column":8},"end":{"line":228,"column":73}},"106":{"start":{"line":232,"column":8},"end":{"line":235,"column":9}},"107":{"start":{"line":233,"column":12},"end":{"line":233,"column":64}},"108":{"start":{"line":234,"column":12},"end":{"line":234,"column":19}},"109":{"start":{"line":237,"column":22},"end":{"line":237,"column":81}},"110":{"start":{"line":238,"column":8},"end":{"line":238,"column":58}},"111":{"start":{"line":240,"column":8},"end":{"line":240,"column":33}},"112":{"start":{"line":241,"column":8},"end":{"line":245,"column":18}},"113":{"start":{"line":242,"column":12},"end":{"line":244,"column":13}},"114":{"start":{"line":243,"column":16},"end":{"line":243,"column":88}},"115":{"start":{"line":249,"column":25},"end":{"line":249,"column":55}}},"fnMap":{"0":{"name":"(anonymous_0)","decl":{"start":{"line":21,"column":4},"end":{"line":21,"column":5}},"loc":{"start":{"line":21,"column":26},"end":{"line":21,"column":29}},"line":21},"1":{"name":"(anonymous_1)","decl":{"start":{"line":23,"column":4},"end":{"line":23,"column":5}},"loc":{"start":{"line":23,"column":50},"end":{"line":28,"column":5}},"line":23},"2":{"name":"(anonymous_2)","decl":{"start":{"line":30,"column":4},"end":{"line":30,"column":5}},"loc":{"start":{"line":30,"column":55},"end":{"line":32,"column":5}},"line":30},"3":{"name":"(anonymous_3)","decl":{"start":{"line":34,"column":4},"end":{"line":34,"column":5}},"loc":{"start":{"line":34,"column":28},"end":{"line":36,"column":5}},"line":34},"4":{"name":"(anonymous_4)","decl":{"start":{"line":38,"column":4},"end":{"line":38,"column":5}},"loc":{"start":{"line":38,"column":57},"end":{"line":70,"column":5}},"line":38},"5":{"name":"(anonymous_5)","decl":{"start":{"line":72,"column":4},"end":{"line":72,"column":5}},"loc":{"start":{"line":72,"column":24},"end":{"line":85,"column":5}},"line":72},"6":{"name":"(anonymous_6)","decl":{"start":{"line":96,"column":4},"end":{"line":96,"column":5}},"loc":{"start":{"line":96,"column":85},"end":{"line":157,"column":5}},"line":96},"7":{"name":"(anonymous_7)","decl":{"start":{"line":97,"column":27},"end":{"line":97,"column":28}},"loc":{"start":{"line":97,"column":40},"end":{"line":156,"column":9}},"line":97},"8":{"name":"(anonymous_8)","decl":{"start":{"line":99,"column":44},"end":{"line":99,"column":45}},"loc":{"start":{"line":99,"column":50},"end":{"line":102,"column":13}},"line":99},"9":{"name":"(anonymous_9)","decl":{"start":{"line":109,"column":32},"end":{"line":109,"column":33}},"loc":{"start":{"line":109,"column":38},"end":{"line":115,"column":13}},"line":109},"10":{"name":"(anonymous_10)","decl":{"start":{"line":117,"column":35},"end":{"line":117,"column":36}},"loc":{"start":{"line":117,"column":46},"end":{"line":144,"column":13}},"line":117},"11":{"name":"(anonymous_11)","decl":{"start":{"line":146,"column":33},"end":{"line":146,"column":34}},"loc":{"start":{"line":146,"column":40},"end":{"line":150,"column":13}},"line":146},"12":{"name":"(anonymous_12)","decl":{"start":{"line":152,"column":33},"end":{"line":152,"column":34}},"loc":{"start":{"line":152,"column":39},"end":{"line":155,"column":13}},"line":152},"13":{"name":"(anonymous_13)","decl":{"start":{"line":159,"column":25},"end":{"line":159,"column":26}},"loc":{"start":{"line":159,"column":31},"end":{"line":163,"column":5}},"line":159},"14":{"name":"(anonymous_14)","decl":{"start":{"line":165,"column":28},"end":{"line":165,"column":29}},"loc":{"start":{"line":165,"column":53},"end":{"line":214,"column":5}},"line":165},"15":{"name":"(anonymous_15)","decl":{"start":{"line":216,"column":26},"end":{"line":216,"column":27}},"loc":{"start":{"line":216,"column":49},"end":{"line":224,"column":5}},"line":216},"16":{"name":"(anonymous_16)","decl":{"start":{"line":226,"column":26},"end":{"line":226,"column":27}},"loc":{"start":{"line":226,"column":44},"end":{"line":229,"column":5}},"line":226},"17":{"name":"(anonymous_17)","decl":{"start":{"line":231,"column":4},"end":{"line":231,"column":5}},"loc":{"start":{"line":231,"column":31},"end":{"line":246,"column":5}},"line":231},"18":{"name":"(anonymous_18)","decl":{"start":{"line":241,"column":43},"end":{"line":241,"column":44}},"loc":{"start":{"line":241,"column":49},"end":{"line":245,"column":9}},"line":241}},"branchMap":{"0":{"loc":{"start":{"line":24,"column":8},"end":{"line":26,"column":9}},"type":"if","locations":[{"start":{"line":24,"column":8},"end":{"line":26,"column":9}},{"start":{},"end":{}}],"line":24},"1":{"loc":{"start":{"line":39,"column":8},"end":{"line":39,"column":63}},"type":"if","locations":[{"start":{"line":39,"column":8},"end":{"line":39,"column":63}},{"start":{},"end":{}}],"line":39},"2":{"loc":{"start":{"line":44,"column":8},"end":{"line":48,"column":9}},"type":"if","locations":[{"start":{"line":44,"column":8},"end":{"line":48,"column":9}},{"start":{},"end":{}}],"line":44},"3":{"loc":{"start":{"line":45,"column":12},"end":{"line":45,"column":79}},"type":"if","locations":[{"start":{"line":45,"column":12},"end":{"line":45,"column":79}},{"start":{},"end":{}}],"line":45},"4":{"loc":{"start":{"line":55,"column":8},"end":{"line":57,"column":9}},"type":"if","locations":[{"start":{"line":55,"column":8},"end":{"line":57,"column":9}},{"start":{},"end":{}}],"line":55},"5":{"loc":{"start":{"line":60,"column":8},"end":{"line":60,"column":81}},"type":"if","locations":[{"start":{"line":60,"column":8},"end":{"line":60,"column":81}},{"start":{},"end":{}}],"line":60},"6":{"loc":{"start":{"line":75,"column":8},"end":{"line":78,"column":9}},"type":"if","locations":[{"start":{"line":75,"column":8},"end":{"line":78,"column":9}},{"start":{},"end":{}}],"line":75},"7":{"loc":{"start":{"line":80,"column":8},"end":{"line":83,"column":9}},"type":"if","locations":[{"start":{"line":80,"column":8},"end":{"line":83,"column":9}},{"start":{},"end":{}}],"line":80},"8":{"loc":{"start":{"line":105,"column":12},"end":{"line":105,"column":81}},"type":"if","locations":[{"start":{"line":105,"column":12},"end":{"line":105,"column":81}},{"start":{},"end":{}}],"line":105},"9":{"loc":{"start":{"line":120,"column":33},"end":{"line":120,"column":62}},"type":"binary-expr","locations":[{"start":{"line":120,"column":33},"end":{"line":120,"column":42}},{"start":{"line":120,"column":46},"end":{"line":120,"column":62}}],"line":120},"10":{"loc":{"start":{"line":122,"column":20},"end":{"line":122,"column":89}},"type":"if","locations":[{"start":{"line":122,"column":20},"end":{"line":122,"column":89}},{"start":{},"end":{}}],"line":122},"11":{"loc":{"start":{"line":125,"column":20},"end":{"line":140,"column":21}},"type":"if","locations":[{"start":{"line":125,"column":20},"end":{"line":140,"column":21}},{"start":{"line":136,"column":27},"end":{"line":140,"column":21}}],"line":125},"12":{"loc":{"start":{"line":125,"column":24},"end":{"line":125,"column":103}},"type":"binary-expr","locations":[{"start":{"line":125,"column":24},"end":{"line":125,"column":54}},{"start":{"line":125,"column":59},"end":{"line":125,"column":84}},{"start":{"line":125,"column":88},"end":{"line":125,"column":102}}],"line":125},"13":{"loc":{"start":{"line":131,"column":43},"end":{"line":131,"column":63}},"type":"binary-expr","locations":[{"start":{"line":131,"column":43},"end":{"line":131,"column":57}},{"start":{"line":131,"column":61},"end":{"line":131,"column":63}}],"line":131},"14":{"loc":{"start":{"line":133,"column":40},"end":{"line":133,"column":65}},"type":"binary-expr","locations":[{"start":{"line":133,"column":40},"end":{"line":133,"column":53}},{"start":{"line":133,"column":57},"end":{"line":133,"column":65}}],"line":133},"15":{"loc":{"start":{"line":136,"column":27},"end":{"line":140,"column":21}},"type":"if","locations":[{"start":{"line":136,"column":27},"end":{"line":140,"column":21}},{"start":{},"end":{}}],"line":136},"16":{"loc":{"start":{"line":139,"column":67},"end":{"line":139,"column":97}},"type":"binary-expr","locations":[{"start":{"line":139,"column":67},"end":{"line":139,"column":79}},{"start":{"line":139,"column":83},"end":{"line":139,"column":97}}],"line":139},"17":{"loc":{"start":{"line":154,"column":16},"end":{"line":154,"column":77}},"type":"if","locations":[{"start":{"line":154,"column":16},"end":{"line":154,"column":77}},{"start":{},"end":{}}],"line":154},"18":{"loc":{"start":{"line":168,"column":25},"end":{"line":168,"column":60}},"type":"binary-expr","locations":[{"start":{"line":168,"column":25},"end":{"line":168,"column":37}},{"start":{"line":168,"column":41},"end":{"line":168,"column":60}}],"line":168},"19":{"loc":{"start":{"line":169,"column":12},"end":{"line":169,"column":73}},"type":"if","locations":[{"start":{"line":169,"column":12},"end":{"line":169,"column":73}},{"start":{},"end":{}}],"line":169},"20":{"loc":{"start":{"line":175,"column":12},"end":{"line":210,"column":13}},"type":"switch","locations":[{"start":{"line":176,"column":16},"end":{"line":176,"column":31}},{"start":{"line":177,"column":16},"end":{"line":177,"column":31}},{"start":{"line":178,"column":16},"end":{"line":178,"column":38}},{"start":{"line":179,"column":16},"end":{"line":179,"column":38}},{"start":{"line":180,"column":16},"end":{"line":186,"column":26}},{"start":{"line":187,"column":16},"end":{"line":187,"column":35}},{"start":{"line":188,"column":16},"end":{"line":199,"column":26}},{"start":{"line":200,"column":16},"end":{"line":200,"column":37}},{"start":{"line":201,"column":16},"end":{"line":203,"column":26}},{"start":{"line":204,"column":16},"end":{"line":204,"column":36}},{"start":{"line":205,"column":16},"end":{"line":209,"column":26}}],"line":175},"21":{"loc":{"start":{"line":182,"column":35},"end":{"line":182,"column":58}},"type":"binary-expr","locations":[{"start":{"line":182,"column":35},"end":{"line":182,"column":52}},{"start":{"line":182,"column":56},"end":{"line":182,"column":58}}],"line":182},"22":{"loc":{"start":{"line":189,"column":20},"end":{"line":198,"column":21}},"type":"if","locations":[{"start":{"line":189,"column":20},"end":{"line":198,"column":21}},{"start":{},"end":{}}],"line":189},"23":{"loc":{"start":{"line":206,"column":20},"end":{"line":208,"column":21}},"type":"if","locations":[{"start":{"line":206,"column":20},"end":{"line":208,"column":21}},{"start":{},"end":{}}],"line":206},"24":{"loc":{"start":{"line":220,"column":8},"end":{"line":223,"column":9}},"type":"if","locations":[{"start":{"line":220,"column":8},"end":{"line":223,"column":9}},{"start":{},"end":{}}],"line":220},"25":{"loc":{"start":{"line":232,"column":8},"end":{"line":235,"column":9}},"type":"if","locations":[{"start":{"line":232,"column":8},"end":{"line":235,"column":9}},{"start":{},"end":{}}],"line":232},"26":{"loc":{"start":{"line":242,"column":12},"end":{"line":244,"column":13}},"type":"if","locations":[{"start":{"line":242,"column":12},"end":{"line":244,"column":13}},{"start":{},"end":{}}],"line":242}},"s":{"0":2,"1":2,"2":2,"3":2,"4":2,"5":2,"6":2,"7":2,"8":2,"9":2,"10":4,"11":0,"12":3,"13":0,"14":3,"15":3,"16":3,"17":0,"18":0,"19":0,"20":0,"21":3,"22":3,"23":0,"24":3,"25":3,"26":0,"27":3,"28":3,"29":3,"30":3,"31":3,"32":3,"33":4,"34":4,"35":0,"36":0,"37":4,"38":3,"39":3,"40":4,"41":1,"42":1,"43":1,"44":0,"45":0,"46":1,"47":1,"48":0,"49":1,"50":1,"51":0,"52":1,"53":1,"54":1,"55":1,"56":1,"57":0,"58":1,"59":0,"60":0,"61":0,"62":1,"63":1,"64":1,"65":1,"66":1,"67":0,"68":0,"69":0,"70":1,"71":0,"72":0,"73":2,"74":1,"75":1,"76":1,"77":2,"78":1,"79":1,"80":1,"81":1,"82":0,"83":1,"84":1,"85":0,"86":0,"87":1,"88":1,"89":1,"90":1,"91":0,"92":0,"93":0,"94":0,"95":0,"96":0,"97":2,"98":0,"99":0,"100":0,"101":0,"102":0,"103":2,"104":0,"105":0,"106":0,"107":0,"108":0,"109":0,"110":0,"111":0,"112":0,"113":0,"114":0,"115":2},"f":{"0":2,"1":2,"2":4,"3":0,"4":3,"5":4,"6":1,"7":1,"8":0,"9":0,"10":1,"11":0,"12":0,"13":1,"14":1,"15":0,"16":0,"17":0,"18":0},"b":{"0":[2,0],"1":[0,3],"2":[0,3],"3":[0,0],"4":[0,3],"5":[0,3],"6":[0,4],"7":[3,1],"8":[0,1],"9":[1,0],"10":[0,1],"11":[0,1],"12":[1,1,0],"13":[0,0],"14":[0,0],"15":[1,0],"16":[1,0],"17":[0,0],"18":[1,0],"19":[0,1],"20":[0,0,0,0,0,1,1,0,0,0,0],"21":[0,0],"22":[1,0],"23":[0,0],"24":[0,0],"25":[0,0],"26":[0,0]},"_coverageSchema":"1a1c01bbd47fc00a2c39e90264f33305004495a9","hash":"60f6eafe47ed53df2792f4576f681d63cb25c84c"}
,"/Users/andrewmauer/projects/social-vinyl-mobile/src/store/useSessionStore.ts": {"path":"/Users/andrewmauer/projects/social-vinyl-mobile/src/store/useSessionStore.ts","statementMap":{"0":{"start":{"line":38,"column":31},"end":{"line":82,"column":1}},"1":{"start":{"line":40,"column":18},"end":{"line":69,"column":9}},"2":{"start":{"line":50,"column":43},"end":{"line":50,"column":74}},"3":{"start":{"line":51,"column":34},"end":{"line":51,"column":56}},"4":{"start":{"line":52,"column":38},"end":{"line":52,"column":64}},"5":{"start":{"line":53,"column":39},"end":{"line":53,"column":56}},"6":{"start":{"line":54,"column":35},"end":{"line":54,"column":58}},"7":{"start":{"line":55,"column":37},"end":{"line":55,"column":62}},"8":{"start":{"line":56,"column":35},"end":{"line":56,"column":58}},"9":{"start":{"line":57,"column":33},"end":{"line":59,"column":14}},"10":{"start":{"line":65,"column":39},"end":{"line":65,"column":66}},"11":{"start":{"line":66,"column":43},"end":{"line":66,"column":74}},"12":{"start":{"line":67,"column":39},"end":{"line":67,"column":66}},"13":{"start":{"line":68,"column":37},"end":{"line":68,"column":62}},"14":{"start":{"line":72,"column":45},"end":{"line":72,"column":57}},"15":{"start":{"line":73,"column":36},"end":{"line":79,"column":13}}},"fnMap":{"0":{"name":"(anonymous_0)","decl":{"start":{"line":40,"column":8},"end":{"line":40,"column":9}},"loc":{"start":{"line":40,"column":18},"end":{"line":69,"column":9}},"line":40},"1":{"name":"(anonymous_1)","decl":{"start":{"line":50,"column":32},"end":{"line":50,"column":33}},"loc":{"start":{"line":50,"column":43},"end":{"line":50,"column":74}},"line":50},"2":{"name":"(anonymous_2)","decl":{"start":{"line":51,"column":26},"end":{"line":51,"column":27}},"loc":{"start":{"line":51,"column":34},"end":{"line":51,"column":56}},"line":51},"3":{"name":"(anonymous_3)","decl":{"start":{"line":52,"column":27},"end":{"line":52,"column":28}},"loc":{"start":{"line":52,"column":38},"end":{"line":52,"column":64}},"line":52},"4":{"name":"(anonymous_4)","decl":{"start":{"line":53,"column":25},"end":{"line":53,"column":26}},"loc":{"start":{"line":53,"column":39},"end":{"line":53,"column":56}},"line":53},"5":{"name":"(anonymous_5)","decl":{"start":{"line":54,"column":26},"end":{"line":54,"column":27}},"loc":{"start":{"line":54,"column":35},"end":{"line":54,"column":58}},"line":54},"6":{"name":"(anonymous_6)","decl":{"start":{"line":55,"column":26},"end":{"line":55,"column":27}},"loc":{"start":{"line":55,"column":37},"end":{"line":55,"column":62}},"line":55},"7":{"name":"(anonymous_7)","decl":{"start":{"line":56,"column":25},"end":{"line":56,"column":26}},"loc":{"start":{"line":56,"column":35},"end":{"line":56,"column":58}},"line":56},"8":{"name":"(anonymous_8)","decl":{"start":{"line":57,"column":22},"end":{"line":57,"column":23}},"loc":{"start":{"line":57,"column":33},"end":{"line":59,"column":14}},"line":57},"9":{"name":"(anonymous_9)","decl":{"start":{"line":65,"column":27},"end":{"line":65,"column":28}},"loc":{"start":{"line":65,"column":39},"end":{"line":65,"column":66}},"line":65},"10":{"name":"(anonymous_10)","decl":{"start":{"line":66,"column":29},"end":{"line":66,"column":30}},"loc":{"start":{"line":66,"column":43},"end":{"line":66,"column":74}},"line":66},"11":{"name":"(anonymous_11)","decl":{"start":{"line":67,"column":29},"end":{"line":67,"column":30}},"loc":{"start":{"line":67,"column":39},"end":{"line":67,"column":66}},"line":67},"12":{"name":"(anonymous_12)","decl":{"start":{"line":68,"column":26},"end":{"line":68,"column":27}},"loc":{"start":{"line":68,"column":37},"end":{"line":68,"column":62}},"line":68},"13":{"name":"(anonymous_13)","decl":{"start":{"line":72,"column":39},"end":{"line":72,"column":40}},"loc":{"start":{"line":72,"column":45},"end":{"line":72,"column":57}},"line":72},"14":{"name":"(anonymous_14)","decl":{"start":{"line":73,"column":24},"end":{"line":73,"column":25}},"loc":{"start":{"line":73,"column":36},"end":{"line":79,"column":13}},"line":73}},"branchMap":{"0":{"loc":{"start":{"line":58,"column":23},"end":{"line":58,"column":69}},"type":"cond-expr","locations":[{"start":{"line":58,"column":48},"end":{"line":58,"column":61}},{"start":{"line":58,"column":64},"end":{"line":58,"column":69}}],"line":58}},"s":{"0":3,"1":3,"2":9,"3":1,"4":3,"5":0,"6":0,"7":0,"8":0,"9":1,"10":12,"11":14,"12":1,"13":4,"14":3,"15":67},"f":{"0":3,"1":9,"2":1,"3":3,"4":0,"5":0,"6":0,"7":0,"8":1,"9":12,"10":14,"11":1,"12":4,"13":3,"14":67},"b":{"0":[0,1]},"_coverageSchema":"1a1c01bbd47fc00a2c39e90264f33305004495a9","hash":"3d41d47f99ff5013dc180ab394cc431a3992afff"}
,"/Users/andrewmauer/projects/social-vinyl-mobile/src/utils/strings.ts": {"path":"/Users/andrewmauer/projects/social-vinyl-mobile/src/utils/strings.ts","statementMap":{"0":{"start":{"line":6,"column":4},"end":{"line":6,"column":65}},"1":{"start":{"line":14,"column":4},"end":{"line":14,"column":42}}},"fnMap":{"0":{"name":"removeDiacritics","decl":{"start":{"line":5,"column":16},"end":{"line":5,"column":32}},"loc":{"start":{"line":5,"column":55},"end":{"line":7,"column":1}},"line":5},"1":{"name":"getArtistSortKey","decl":{"start":{"line":13,"column":16},"end":{"line":13,"column":32}},"loc":{"start":{"line":13,"column":57},"end":{"line":15,"column":1}},"line":13}},"branchMap":{},"s":{"0":22,"1":14},"f":{"0":22,"1":14},"b":{},"_coverageSchema":"1a1c01bbd47fc00a2c39e90264f33305004495a9","hash":"38d0448fe53ada460ec125c489cb3dcfb4fb4006"}
}
