TN:
SF:src/config.ts
FNF:0
FNH:0
DA:1,5
LF:1
LH:1
BRF:0
BRH:0
end_of_record
TN:
SF:src/contexts/ServiceContext.tsx
FN:62,(anonymous_0)
FN:68,(anonymous_1)
FN:93,(anonymous_2)
FNF:3
FNH:3
FNDA:7,(anonymous_0)
FNDA:7,(anonymous_1)
FNDA:14,(anonymous_2)
DA:39,1
DA:41,1
DA:62,1
DA:68,7
DA:74,7
DA:81,1
DA:93,1
DA:94,14
DA:96,14
DA:97,0
DA:103,14
LF:11
LH:10
BRDA:64,0,0,7
BRDA:65,1,0,7
BRDA:66,2,0,7
BRDA:96,3,0,0
BRDA:96,3,1,14
BRF:5
BRH:4
end_of_record
TN:
SF:src/hooks/useCollectionData.ts
FN:13,(anonymous_0)
FN:20,(anonymous_1)
FN:48,(anonymous_2)
FN:53,(anonymous_3)
FN:54,(anonymous_4)
FN:60,(anonymous_5)
FN:64,(anonymous_6)
FNF:7
FNH:5
FNDA:3,(anonymous_0)
FNDA:1,(anonymous_1)
FNDA:1,(anonymous_2)
FNDA:9,(anonymous_3)
FNDA:1,(anonymous_4)
FNDA:0,(anonymous_5)
FNDA:0,(anonymous_6)
DA:13,1
DA:14,3
DA:15,3
DA:16,3
DA:17,3
DA:18,3
DA:20,3
DA:22,1
DA:23,1
DA:25,1
DA:26,1
DA:27,1
DA:30,1
DA:33,1
DA:34,1
DA:36,1
DA:37,0
DA:40,0
DA:42,1
DA:43,1
DA:48,3
DA:49,1
DA:53,9
DA:54,3
DA:55,1
DA:56,0
DA:57,0
DA:60,0
DA:64,3
DA:65,0
DA:68,3
LF:31
LH:25
BRDA:13,0,0,3
BRDA:20,1,0,0
BRDA:23,2,0,0
BRDA:23,2,1,1
BRDA:23,3,0,1
BRDA:23,3,1,1
BRDA:23,3,2,1
BRDA:23,3,3,0
BRDA:26,4,0,1
BRDA:26,4,1,0
BRDA:36,5,0,0
BRDA:36,5,1,1
BRDA:55,6,0,0
BRDA:55,6,1,1
BRDA:56,7,0,0
BRDA:56,7,1,0
BRF:16
BRH:8
end_of_record
TN:
SF:src/hooks/useGroupedReleases.ts
FN:32,(anonymous_0)
FN:38,(anonymous_1)
FN:43,(anonymous_2)
FN:63,(anonymous_3)
FN:99,(anonymous_4)
FN:109,(anonymous_5)
FN:134,(anonymous_6)
FN:146,(anonymous_7)
FN:149,(anonymous_8)
FNF:9
FNH:7
FNDA:6,(anonymous_0)
FNDA:6,(anonymous_1)
FNDA:24,(anonymous_2)
FNDA:20,(anonymous_3)
FNDA:8,(anonymous_4)
FNDA:0,(anonymous_5)
FNDA:9,(anonymous_6)
FNDA:8,(anonymous_7)
FNDA:0,(anonymous_8)
DA:32,1
DA:38,6
DA:40,6
DA:41,6
DA:43,6
DA:44,24
DA:46,8
DA:47,8
DA:48,8
DA:49,8
DA:54,8
DA:63,6
DA:64,20
DA:66,5
DA:67,5
DA:68,5
DA:71,0
DA:73,10
DA:74,10
DA:75,10
DA:78,5
DA:79,5
DA:80,5
DA:83,0
DA:88,6
DA:90,6
DA:91,4
DA:92,4
DA:99,2
DA:100,8
DA:102,8
DA:103,4
DA:104,4
DA:105,4
DA:106,4
DA:107,0
DA:109,0
DA:110,0
DA:112,4
DA:113,4
DA:114,3
DA:115,3
DA:116,3
DA:117,3
DA:119,0
DA:122,1
DA:126,8
DA:127,8
DA:129,8
DA:133,2
DA:135,9
DA:136,3
DA:137,2
DA:139,2
DA:142,6
DA:143,6
DA:144,3
DA:146,8
DA:151,0
DA:152,0
DA:153,0
DA:158,2
LF:62
LH:53
BRDA:44,0,0,16
BRDA:44,0,1,8
BRDA:55,1,0,8
BRDA:55,1,1,7
BRDA:55,1,2,7
BRDA:55,1,3,6
BRDA:64,2,0,5
BRDA:64,2,1,0
BRDA:64,2,2,10
BRDA:64,2,3,5
BRDA:64,2,4,0
BRDA:73,3,0,4
BRDA:73,3,1,6
BRDA:74,4,0,10
BRDA:74,4,1,0
BRDA:90,5,0,4
BRDA:90,5,1,2
BRDA:91,6,0,4
BRDA:91,6,1,0
BRDA:102,7,0,4
BRDA:102,7,1,4
BRDA:105,8,0,3
BRDA:105,8,1,1
BRDA:106,9,0,0
BRDA:106,9,1,4
BRDA:107,10,0,0
BRDA:107,10,1,0
BRDA:107,11,0,0
BRDA:107,11,1,0
BRDA:110,12,0,0
BRDA:110,12,1,0
BRDA:112,13,0,4
BRDA:112,13,1,0
BRDA:113,14,0,3
BRDA:113,14,1,1
BRDA:115,15,0,3
BRDA:115,15,1,0
BRDA:126,16,0,8
BRDA:126,16,1,0
BRDA:135,17,0,3
BRDA:135,17,1,6
BRDA:136,18,0,1
BRDA:136,18,1,2
BRDA:137,19,0,0
BRDA:137,19,1,2
BRDA:142,20,0,0
BRDA:142,20,1,6
BRDA:142,21,0,6
BRDA:142,21,1,6
BRDA:143,22,0,3
BRDA:143,22,1,3
BRDA:143,23,0,6
BRDA:143,23,1,3
BRDA:148,24,0,3
BRDA:148,24,1,5
BRDA:148,25,0,8
BRDA:148,25,1,4
BRDA:151,26,0,0
BRDA:151,26,1,0
BRDA:152,27,0,0
BRDA:152,27,1,0
BRF:61
BRH:41
end_of_record
TN:
SF:src/hooks/useSyncCollection.ts
FN:22,(anonymous_0)
FN:35,(anonymous_1)
FN:41,(anonymous_2)
FN:44,(anonymous_3)
FN:59,(anonymous_4)
FNF:5
FNH:3
FNDA:5,(anonymous_0)
FNDA:2,(anonymous_1)
FNDA:0,(anonymous_2)
FNDA:0,(anonymous_3)
FNDA:1,(anonymous_4)
DA:22,1
DA:23,5
DA:33,5
DA:35,5
DA:36,2
DA:37,2
DA:38,2
DA:40,2
DA:42,0
DA:45,0
DA:49,2
DA:50,1
DA:51,1
DA:53,1
DA:56,2
DA:59,5
DA:60,1
DA:61,1
DA:62,0
DA:66,5
LF:20
LH:17
BRDA:49,0,0,1
BRDA:49,0,1,1
BRDA:61,1,0,0
BRDA:61,1,1,1
BRF:4
BRH:3
end_of_record
TN:
SF:src/hooks/useWebSocket.ts
FN:24,(anonymous_0)
FN:39,(anonymous_1)
FN:41,(anonymous_2)
FN:47,(anonymous_3)
FN:62,(anonymous_4)
FN:70,(anonymous_5)
FN:76,(anonymous_6)
FN:82,(anonymous_7)
FN:86,(anonymous_8)
FNF:9
FNH:7
FNDA:6,(anonymous_0)
FNDA:4,(anonymous_1)
FNDA:1,(anonymous_2)
FNDA:2,(anonymous_3)
FNDA:0,(anonymous_4)
FNDA:4,(anonymous_5)
FNDA:1,(anonymous_6)
FNDA:1,(anonymous_7)
FNDA:0,(anonymous_8)
DA:24,1
DA:25,6
DA:37,6
DA:39,6
DA:40,4
DA:42,1
DA:43,1
DA:44,1
DA:48,2
DA:49,2
DA:51,2
DA:53,1
DA:57,1
DA:58,1
DA:59,1
DA:63,0
DA:64,0
DA:68,4
DA:70,4
DA:72,4
DA:76,6
DA:77,1
DA:78,1
DA:82,6
DA:83,1
DA:86,6
DA:87,0
DA:88,0
DA:89,0
DA:91,0
DA:94,6
LF:31
LH:25
BRDA:43,0,0,1
BRDA:43,0,1,0
BRDA:48,1,0,2
BRDA:48,1,1,0
BRDA:49,2,0,2
BRDA:49,2,1,0
BRDA:51,3,0,1
BRDA:51,3,1,1
BRDA:51,4,0,2
BRDA:51,4,1,2
BRDA:53,5,0,1
BRDA:53,5,1,1
BRDA:54,6,0,1
BRDA:54,6,1,0
BRDA:54,7,0,1
BRDA:54,7,1,1
BRDA:54,7,2,1
BRDA:57,8,0,1
BRDA:57,8,1,0
BRDA:58,9,0,1
BRDA:58,9,1,0
BRDA:58,10,0,1
BRDA:58,10,1,1
BRDA:77,11,0,1
BRDA:77,11,1,0
BRDA:78,12,0,1
BRDA:78,12,1,1
BRDA:88,13,0,0
BRDA:88,13,1,0
BRDA:97,14,0,6
BRDA:97,14,1,6
BRF:31
BRH:22
end_of_record
TN:
SF:src/services/CollectionSyncService.ts
FN:36,(anonymous_0)
FN:86,(anonymous_1)
FN:91,(anonymous_2)
FN:169,(anonymous_3)
FN:209,(anonymous_4)
FNF:5
FNH:4
FNDA:6,(anonymous_0)
FNDA:0,(anonymous_1)
FNDA:5,(anonymous_2)
FNDA:3,(anonymous_3)
FNDA:2,(anonymous_4)
DA:34,2
DA:37,6
DA:38,1
DA:41,5
DA:42,5
DA:43,5
DA:45,5
DA:46,5
DA:49,5
DA:51,4
DA:52,1
DA:55,3
DA:59,3
DA:60,3
DA:62,3
DA:64,3
DA:65,3
DA:66,3
DA:68,3
DA:78,2
DA:79,2
DA:80,2
DA:82,5
DA:87,0
DA:88,0
DA:92,5
DA:94,5
DA:95,5
DA:97,5
DA:100,5
DA:101,5
DA:102,1
DA:105,4
DA:106,1
DA:109,3
DA:114,3
DA:115,3
DA:116,3
DA:117,3
DA:119,3
DA:120,5
DA:121,5
DA:123,6
DA:124,6
DA:125,6
DA:127,6
DA:129,5
DA:131,1
DA:132,1
DA:134,1
DA:135,1
DA:137,1
DA:138,0
DA:141,1
DA:148,3
DA:149,3
DA:151,3
DA:159,0
DA:161,2
DA:162,2
DA:163,1
DA:165,1
DA:170,3
DA:171,0
DA:175,3
DA:176,3
DA:178,3
DA:179,5
DA:180,5
DA:181,0
DA:182,0
DA:183,0
DA:186,5
DA:202,3
DA:203,0
DA:206,3
DA:210,2
DA:211,2
DA:212,2
DA:213,2
DA:214,2
DA:215,1
DA:217,1
DA:218,1
DA:219,1
DA:221,1
DA:223,0
DA:225,1
DA:226,1
DA:231,2
LF:90
LH:80
BRDA:37,0,0,1
BRDA:37,0,1,5
BRDA:46,1,0,0
BRDA:46,1,1,5
BRDA:51,2,0,1
BRDA:51,2,1,3
BRDA:51,3,0,4
BRDA:51,3,1,3
BRDA:51,3,2,3
BRDA:59,4,0,0
BRDA:59,4,1,3
BRDA:64,5,0,0
BRDA:64,5,1,3
BRDA:80,6,0,2
BRDA:80,6,1,0
BRDA:87,7,0,0
BRDA:87,7,1,0
BRDA:101,8,0,1
BRDA:101,8,1,4
BRDA:101,9,0,5
BRDA:101,9,1,5
BRDA:105,10,0,1
BRDA:105,10,1,3
BRDA:114,11,0,3
BRDA:114,11,1,0
BRDA:114,12,0,3
BRDA:114,12,1,3
BRDA:114,12,2,3
BRDA:123,13,0,6
BRDA:123,13,1,0
BRDA:124,14,0,6
BRDA:124,14,1,0
BRDA:125,15,0,6
BRDA:125,15,1,0
BRDA:127,16,0,5
BRDA:127,16,1,1
BRDA:129,17,0,5
BRDA:129,17,1,0
BRDA:132,18,0,1
BRDA:132,18,1,0
BRDA:132,19,0,1
BRDA:132,19,1,1
BRDA:132,19,2,1
BRDA:137,20,0,0
BRDA:137,20,1,1
BRDA:154,21,0,3
BRDA:154,21,1,0
BRDA:162,22,0,1
BRDA:162,22,1,1
BRDA:162,23,0,2
BRDA:162,23,1,2
BRDA:170,24,0,0
BRDA:170,24,1,3
BRDA:170,25,0,3
BRDA:170,25,1,0
BRDA:171,26,0,0
BRDA:171,26,1,0
BRDA:179,27,0,5
BRDA:179,27,1,0
BRDA:180,28,0,0
BRDA:180,28,1,5
BRDA:192,29,0,5
BRDA:192,29,1,0
BRDA:195,30,0,5
BRDA:195,30,1,0
BRDA:198,31,0,0
BRDA:198,31,1,5
BRDA:202,32,0,0
BRDA:202,32,1,3
BRDA:212,33,0,0
BRDA:212,33,1,2
BRDA:214,34,0,1
BRDA:214,34,1,1
BRDA:217,35,0,1
BRDA:217,35,1,0
BRDA:217,36,0,1
BRDA:217,36,1,1
BRDA:218,37,0,1
BRDA:218,37,1,0
BRDA:226,38,0,1
BRDA:226,38,1,0
BRF:81
BRH:53
end_of_record
TN:
SF:src/services/DatabaseService.ts
FN:11,(anonymous_0)
FN:13,(anonymous_1)
FN:23,(anonymous_2)
FN:29,(anonymous_3)
FN:33,(anonymous_4)
FN:44,(anonymous_5)
FN:86,(anonymous_6)
FN:111,(anonymous_7)
FN:115,(anonymous_8)
FN:140,(anonymous_9)
FN:166,(anonymous_10)
FN:176,(anonymous_11)
FN:181,(anonymous_12)
FN:187,(anonymous_13)
FNF:14
FNH:12
FNDA:2,(anonymous_0)
FNDA:2,(anonymous_1)
FNDA:9,(anonymous_2)
FNDA:7,(anonymous_3)
FNDA:7,(anonymous_4)
FNDA:0,(anonymous_5)
FNDA:1,(anonymous_6)
FNDA:3,(anonymous_7)
FNDA:3,(anonymous_8)
FNDA:3,(anonymous_9)
FNDA:0,(anonymous_10)
FNDA:1,(anonymous_11)
FNDA:1,(anonymous_12)
FNDA:7,(anonymous_13)
DA:8,2
DA:9,2
DA:14,2
DA:15,2
DA:17,2
DA:24,9
DA:25,9
DA:26,9
DA:30,7
DA:31,7
DA:33,7
DA:34,7
DA:35,7
DA:36,7
DA:37,7
DA:39,7
DA:43,7
DA:44,7
DA:45,7
DA:48,7
DA:49,0
DA:50,0
DA:53,7
DA:75,7
DA:77,0
DA:78,0
DA:79,0
DA:83,7
DA:87,1
DA:89,1
DA:90,1
DA:106,0
DA:107,0
DA:112,3
DA:114,3
DA:115,3
DA:116,3
DA:117,4
DA:135,0
DA:136,0
DA:141,3
DA:143,3
DA:147,3
DA:148,3
DA:150,3
DA:153,3
DA:154,3
DA:155,3
DA:158,3
DA:159,3
DA:161,0
DA:162,0
DA:167,0
DA:168,0
DA:177,1
DA:178,1
DA:182,1
DA:183,1
DA:188,7
DA:189,7
DA:191,7
DA:195,2
LF:62
LH:49
BRDA:14,0,0,2
BRDA:14,0,1,0
BRDA:24,1,0,0
BRDA:24,1,1,9
BRDA:25,2,0,0
BRDA:25,2,1,9
BRDA:30,3,0,0
BRDA:30,3,1,7
BRDA:31,4,0,0
BRDA:31,4,1,7
BRDA:37,5,0,0
BRDA:37,5,1,7
BRDA:45,6,0,7
BRDA:45,6,1,0
BRDA:48,7,0,0
BRDA:48,7,1,7
BRDA:48,8,0,7
BRDA:48,8,1,0
BRDA:99,9,0,1
BRDA:99,9,1,1
BRDA:100,10,0,1
BRDA:100,10,1,1
BRDA:101,11,0,1
BRDA:101,11,1,1
BRDA:102,12,0,1
BRDA:102,12,1,1
BRDA:103,13,0,1
BRDA:103,13,1,1
BRDA:126,14,0,4
BRDA:126,14,1,4
BRDA:127,15,0,4
BRDA:127,15,1,4
BRDA:128,16,0,4
BRDA:128,16,1,4
BRDA:129,17,0,4
BRDA:129,17,1,4
BRDA:130,18,0,4
BRDA:130,18,1,4
BRDA:153,19,0,3
BRDA:153,19,1,0
BRDA:153,20,0,3
BRDA:153,20,1,3
BRF:42
BRH:32
end_of_record
TN:
SF:src/services/WebSocketService.ts
FN:21,(anonymous_0)
FN:23,(anonymous_1)
FN:30,(anonymous_2)
FN:34,(anonymous_3)
FN:38,(anonymous_4)
FN:72,(anonymous_5)
FN:96,(anonymous_6)
FN:97,(anonymous_7)
FN:99,(anonymous_8)
FN:109,(anonymous_9)
FN:117,(anonymous_10)
FN:146,(anonymous_11)
FN:152,(anonymous_12)
FN:159,(anonymous_13)
FN:165,(anonymous_14)
FN:216,(anonymous_15)
FN:226,(anonymous_16)
FN:231,(anonymous_17)
FN:241,(anonymous_18)
FNF:19
FNH:10
FNDA:2,(anonymous_0)
FNDA:2,(anonymous_1)
FNDA:4,(anonymous_2)
FNDA:0,(anonymous_3)
FNDA:3,(anonymous_4)
FNDA:4,(anonymous_5)
FNDA:1,(anonymous_6)
FNDA:1,(anonymous_7)
FNDA:0,(anonymous_8)
FNDA:0,(anonymous_9)
FNDA:1,(anonymous_10)
FNDA:0,(anonymous_11)
FNDA:0,(anonymous_12)
FNDA:1,(anonymous_13)
FNDA:1,(anonymous_14)
FNDA:0,(anonymous_15)
FNDA:0,(anonymous_16)
FNDA:0,(anonymous_17)
FNDA:0,(anonymous_18)
DA:13,2
DA:14,2
DA:15,2
DA:16,2
DA:17,2
DA:18,2
DA:19,2
DA:24,2
DA:25,2
DA:27,2
DA:31,4
DA:35,0
DA:39,3
DA:41,3
DA:42,3
DA:44,3
DA:45,0
DA:46,0
DA:47,0
DA:50,3
DA:55,3
DA:56,0
DA:59,3
DA:60,3
DA:62,3
DA:64,3
DA:65,3
DA:66,3
DA:67,3
DA:69,3
DA:73,4
DA:75,4
DA:76,0
DA:77,0
DA:80,4
DA:81,3
DA:82,3
DA:84,4
DA:97,1
DA:98,1
DA:99,1
DA:100,0
DA:101,0
DA:104,1
DA:105,1
DA:107,1
DA:109,1
DA:110,0
DA:117,1
DA:118,1
DA:119,1
DA:120,1
DA:122,1
DA:125,1
DA:126,0
DA:127,0
DA:128,0
DA:136,1
DA:137,1
DA:138,1
DA:139,1
DA:146,1
DA:147,0
DA:148,0
DA:149,0
DA:152,1
DA:154,0
DA:159,2
DA:160,1
DA:161,1
DA:162,1
DA:165,2
DA:166,1
DA:167,1
DA:168,1
DA:169,1
DA:172,1
DA:175,1
DA:181,0
DA:186,0
DA:189,1
DA:190,1
DA:191,1
DA:199,1
DA:202,0
DA:203,0
DA:206,0
DA:207,0
DA:209,0
DA:212,0
DA:216,2
DA:217,0
DA:218,0
DA:220,0
DA:221,0
DA:222,0
DA:226,2
DA:227,0
DA:228,0
DA:232,0
DA:233,0
DA:234,0
DA:237,0
DA:238,0
DA:240,0
DA:241,0
DA:242,0
DA:243,0
DA:249,2
LF:109
LH:68
BRDA:24,0,0,2
BRDA:24,0,1,0
BRDA:39,1,0,0
BRDA:39,1,1,3
BRDA:44,2,0,0
BRDA:44,2,1,3
BRDA:45,3,0,0
BRDA:45,3,1,0
BRDA:55,4,0,0
BRDA:55,4,1,3
BRDA:60,5,0,0
BRDA:60,5,1,3
BRDA:75,6,0,0
BRDA:75,6,1,4
BRDA:80,7,0,3
BRDA:80,7,1,1
BRDA:105,8,0,0
BRDA:105,8,1,1
BRDA:120,9,0,1
BRDA:120,9,1,0
BRDA:122,10,0,0
BRDA:122,10,1,1
BRDA:125,11,0,0
BRDA:125,11,1,1
BRDA:125,12,0,1
BRDA:125,12,1,1
BRDA:125,12,2,0
BRDA:131,13,0,0
BRDA:131,13,1,0
BRDA:133,14,0,0
BRDA:133,14,1,0
BRDA:136,15,0,1
BRDA:136,15,1,0
BRDA:139,16,0,1
BRDA:139,16,1,0
BRDA:154,17,0,0
BRDA:154,17,1,0
BRDA:168,18,0,1
BRDA:168,18,1,0
BRDA:169,19,0,0
BRDA:169,19,1,1
BRDA:175,20,0,0
BRDA:175,20,1,0
BRDA:175,20,2,0
BRDA:175,20,3,0
BRDA:175,20,4,0
BRDA:175,20,5,1
BRDA:175,20,6,1
BRDA:175,20,7,0
BRDA:175,20,8,0
BRDA:175,20,9,0
BRDA:175,20,10,0
BRDA:182,21,0,0
BRDA:182,21,1,0
BRDA:189,22,0,1
BRDA:189,22,1,0
BRDA:206,23,0,0
BRDA:206,23,1,0
BRDA:220,24,0,0
BRDA:220,24,1,0
BRDA:232,25,0,0
BRDA:232,25,1,0
BRDA:242,26,0,0
BRDA:242,26,1,0
BRF:64
BRH:21
end_of_record
TN:
SF:src/store/useSessionStore.ts
FN:40,(anonymous_0)
FN:50,(anonymous_1)
FN:51,(anonymous_2)
FN:52,(anonymous_3)
FN:53,(anonymous_4)
FN:54,(anonymous_5)
FN:55,(anonymous_6)
FN:56,(anonymous_7)
FN:57,(anonymous_8)
FN:65,(anonymous_9)
FN:66,(anonymous_10)
FN:67,(anonymous_11)
FN:68,(anonymous_12)
FN:72,(anonymous_13)
FN:73,(anonymous_14)
FNF:15
FNH:11
FNDA:3,(anonymous_0)
FNDA:9,(anonymous_1)
FNDA:1,(anonymous_2)
FNDA:3,(anonymous_3)
FNDA:0,(anonymous_4)
FNDA:0,(anonymous_5)
FNDA:0,(anonymous_6)
FNDA:0,(anonymous_7)
FNDA:1,(anonymous_8)
FNDA:12,(anonymous_9)
FNDA:14,(anonymous_10)
FNDA:1,(anonymous_11)
FNDA:4,(anonymous_12)
FNDA:3,(anonymous_13)
FNDA:67,(anonymous_14)
DA:38,3
DA:40,3
DA:50,9
DA:51,1
DA:52,3
DA:53,0
DA:54,0
DA:55,0
DA:56,0
DA:57,1
DA:65,12
DA:66,14
DA:67,1
DA:68,4
DA:72,3
DA:73,67
LF:16
LH:12
BRDA:58,0,0,0
BRDA:58,0,1,1
BRF:2
BRH:1
end_of_record
TN:
SF:src/utils/strings.ts
FN:5,removeDiacritics
FN:13,getArtistSortKey
FNF:2
FNH:2
FNDA:22,removeDiacritics
FNDA:14,getArtistSortKey
DA:6,22
DA:14,14
LF:2
LH:2
BRF:0
BRH:0
end_of_record
